-- Found ament_cmake: 1.3.3 (/opt/ros/humble/share/ament_cmake/cmake)
-- Override CMake install command with custom implementation using symlinks instead of copying resources
-- Found rosidl_default_generators: 1.2.0 (/opt/ros/humble/share/rosidl_default_generators/cmake)
-- Using all available rosidl_typesupport_c: rosidl_typesupport_fastrtps_c;rosidl_typesupport_introspection_c
-- Found rosidl_adapter: 3.1.4 (/opt/ros/humble/share/rosidl_adapter/cmake)
-- Using all available rosidl_typesupport_cpp: rosidl_typesupport_fastrtps_cpp;rosidl_typesupport_introspection_cpp
-- Found rclcpp: 16.0.3 (/opt/ros/humble/share/rclcpp/cmake)
-- Found rmw_implementation_cmake: 6.1.1 (/opt/ros/humble/share/rmw_implementation_cmake/cmake)
-- Found rmw_fastrtps_cpp: 6.2.2 (/opt/ros/humble/share/rmw_fastrtps_cpp/cmake)
-- Using RMW implementation 'rmw_fastrtps_cpp' as default
-- Found ament_cmake_ros: 0.10.0 (/opt/ros/humble/share/ament_cmake_ros/cmake)
-- Using all available rosidl_typesupport_c: rosidl_typesupport_fastrtps_c;rosidl_typesupport_introspection_c
-- Using all available rosidl_typesupport_cpp: rosidl_typesupport_fastrtps_cpp;rosidl_typesupport_introspection_cpp
-- Found python_cmake_module: 0.10.0 (/opt/ros/humble/share/python_cmake_module/cmake)
-- Using PYTHON_EXECUTABLE: /usr/bin/python3
-- Using PYTHON_INCLUDE_DIRS: /usr/include/python3.10
-- Using PYTHON_LIBRARIES: /usr/lib/x86_64-linux-gnu/libpython3.10.so
-- Configuring done
-- Generating done
-- Build files have been written to: /home/andriy/dev_ws/src/vicon-receiver-galactic/vicon_receiver/build/vicon_receiver
[35m[1mConsolidate compiler generated dependencies of target vicon_receiver__rosidl_generator_c[0m
[  2%] Built target vicon_receiver__cpp
[ 11%] Built target vicon_receiver__rosidl_generator_c
[ 11%] Built target ament_cmake_python_symlink_vicon_receiver
[35m[1mConsolidate compiler generated dependencies of target vicon_receiver__rosidl_typesupport_cpp[0m
[35m[1mConsolidate compiler generated dependencies of target vicon_receiver__rosidl_typesupport_fastrtps_cpp[0m
[35m[1mConsolidate compiler generated dependencies of target vicon_receiver__rosidl_typesupport_introspection_cpp[0m
[35m[1mConsolidate compiler generated dependencies of target vicon_receiver__rosidl_typesupport_fastrtps_c[0m
[35m[1mConsolidate compiler generated dependencies of target vicon_receiver__rosidl_typesupport_introspection_c[0m
[35m[1mConsolidate compiler generated dependencies of target vicon_receiver__rosidl_typesupport_c[0m
[ 26%] Built target vicon_receiver__rosidl_typesupport_cpp
[ 29%] Built target vicon_receiver__rosidl_typesupport_introspection_c
[ 38%] Built target vicon_receiver__rosidl_typesupport_fastrtps_cpp
[ 47%] Built target vicon_receiver__rosidl_typesupport_introspection_cpp
[ 55%] Built target vicon_receiver__rosidl_typesupport_fastrtps_c
[ 64%] Built target vicon_receiver__rosidl_typesupport_c
[ 67%] [32mBuilding CXX object CMakeFiles/vicon_client.dir/src/vicon_receiver/communicator.cpp.o[0m
[ 70%] [32mBuilding CXX object CMakeFiles/vicon_client.dir/src/vicon_receiver/publisher.cpp.o[0m
[ 70%] Built target vicon_receiver
[ 73%] Built target vicon_receiver__py
[ 76%] [32mBuilding C object CMakeFiles/vicon_receiver__rosidl_generator_py.dir/rosidl_generator_py/vicon_receiver/msg/_position_s.c.o[0m
[ 79%] [32m[1mLinking C shared library rosidl_generator_py/vicon_receiver/libvicon_receiver__rosidl_generator_py.so[0m
[ 79%] Built target vicon_receiver__rosidl_generator_py
[ 88%] [32mBuilding C object CMakeFiles/vicon_receiver__rosidl_typesupport_c__pyext.dir/rosidl_generator_py/vicon_receiver/_vicon_receiver_s.ep.rosidl_typesupport_c.c.o[0m
[ 88%] [32mBuilding C object CMakeFiles/vicon_receiver__rosidl_typesupport_fastrtps_c__pyext.dir/rosidl_generator_py/vicon_receiver/_vicon_receiver_s.ep.rosidl_typesupport_fastrtps_c.c.o[0m
[ 82%] [32mBuilding C object CMakeFiles/vicon_receiver__rosidl_typesupport_introspection_c__pyext.dir/rosidl_generator_py/vicon_receiver/_vicon_receiver_s.ep.rosidl_typesupport_introspection_c.c.o[0m
running egg_info
writing vicon_receiver.egg-info/PKG-INFO
writing dependency_links to vicon_receiver.egg-info/dependency_links.txt
writing top-level names to vicon_receiver.egg-info/top_level.txt
reading manifest file 'vicon_receiver.egg-info/SOURCES.txt'
writing manifest file 'vicon_receiver.egg-info/SOURCES.txt'
[ 88%] Built target ament_cmake_python_build_vicon_receiver_egg
[ 94%] [32m[1mLinking C shared library rosidl_generator_py/vicon_receiver/vicon_receiver_s__rosidl_typesupport_introspection_c.cpython-310-x86_64-linux-gnu.so[0m
[ 94%] [32m[1mLinking C shared library rosidl_generator_py/vicon_receiver/vicon_receiver_s__rosidl_typesupport_c.cpython-310-x86_64-linux-gnu.so[0m
[ 97%] [32m[1mLinking C shared library rosidl_generator_py/vicon_receiver/vicon_receiver_s__rosidl_typesupport_fastrtps_c.cpython-310-x86_64-linux-gnu.so[0m
[ 97%] Built target vicon_receiver__rosidl_typesupport_introspection_c__pyext
[ 97%] Built target vicon_receiver__rosidl_typesupport_fastrtps_c__pyext
[ 97%] Built target vicon_receiver__rosidl_typesupport_c__pyext
[100%] [32m[1mLinking CXX executable vicon_client[0m
[100%] Built target vicon_client
-- Install configuration: ""
-- Execute custom install script
-- Symlinking: /home/andriy/dev_ws/src/vicon-receiver-galactic/vicon_receiver/install/vicon_receiver/share/ament_index/resource_index/rosidl_interfaces/vicon_receiver
-- Symlinking: /home/andriy/dev_ws/src/vicon-receiver-galactic/vicon_receiver/install/vicon_receiver/include/vicon_receiver/vicon_receiver/msg/detail/position__functions.h
-- Symlinking: /home/andriy/dev_ws/src/vicon-receiver-galactic/vicon_receiver/install/vicon_receiver/include/vicon_receiver/vicon_receiver/msg/detail/position__struct.h
-- Symlinking: /home/andriy/dev_ws/src/vicon-receiver-galactic/vicon_receiver/install/vicon_receiver/include/vicon_receiver/vicon_receiver/msg/detail/position__type_support.h
-- Symlinking: /home/andriy/dev_ws/src/vicon-receiver-galactic/vicon_receiver/install/vicon_receiver/include/vicon_receiver/vicon_receiver/msg/position.h
-- Symlinking: /home/andriy/dev_ws/src/vicon-receiver-galactic/vicon_receiver/install/vicon_receiver/include/vicon_receiver/vicon_receiver/msg/rosidl_generator_c__visibility_control.h
-- Symlinking: /home/andriy/dev_ws/src/vicon-receiver-galactic/vicon_receiver/install/vicon_receiver/share/vicon_receiver/environment/library_path.sh
-- Symlinking: /home/andriy/dev_ws/src/vicon-receiver-galactic/vicon_receiver/install/vicon_receiver/share/vicon_receiver/environment/library_path.dsv
-- Symlinking: /home/andriy/dev_ws/src/vicon-receiver-galactic/vicon_receiver/install/vicon_receiver/include/vicon_receiver/vicon_receiver/msg/detail/position__rosidl_typesupport_fastrtps_c.h
-- Symlinking: /home/andriy/dev_ws/src/vicon-receiver-galactic/vicon_receiver/install/vicon_receiver/include/vicon_receiver/vicon_receiver/msg/rosidl_typesupport_fastrtps_c__visibility_control.h
-- Symlinking: /home/andriy/dev_ws/src/vicon-receiver-galactic/vicon_receiver/install/vicon_receiver/include/vicon_receiver/vicon_receiver/msg/detail/position__rosidl_typesupport_introspection_c.h
-- Symlinking: /home/andriy/dev_ws/src/vicon-receiver-galactic/vicon_receiver/install/vicon_receiver/include/vicon_receiver/vicon_receiver/msg/rosidl_typesupport_introspection_c__visibility_control.h
-- Symlinking: /home/andriy/dev_ws/src/vicon-receiver-galactic/vicon_receiver/install/vicon_receiver/include/vicon_receiver/vicon_receiver/msg/detail/position__builder.hpp
-- Symlinking: /home/andriy/dev_ws/src/vicon-receiver-galactic/vicon_receiver/install/vicon_receiver/include/vicon_receiver/vicon_receiver/msg/detail/position__struct.hpp
-- Symlinking: /home/andriy/dev_ws/src/vicon-receiver-galactic/vicon_receiver/install/vicon_receiver/include/vicon_receiver/vicon_receiver/msg/detail/position__traits.hpp
-- Symlinking: /home/andriy/dev_ws/src/vicon-receiver-galactic/vicon_receiver/install/vicon_receiver/include/vicon_receiver/vicon_receiver/msg/position.hpp
-- Symlinking: /home/andriy/dev_ws/src/vicon-receiver-galactic/vicon_receiver/install/vicon_receiver/include/vicon_receiver/vicon_receiver/msg/detail/position__rosidl_typesupport_fastrtps_cpp.hpp
-- Symlinking: /home/andriy/dev_ws/src/vicon-receiver-galactic/vicon_receiver/install/vicon_receiver/include/vicon_receiver/vicon_receiver/msg/rosidl_typesupport_fastrtps_cpp__visibility_control.h
-- Symlinking: /home/andriy/dev_ws/src/vicon-receiver-galactic/vicon_receiver/install/vicon_receiver/include/vicon_receiver/vicon_receiver/msg/detail/position__rosidl_typesupport_introspection_cpp.hpp
-- Symlinking: /home/andriy/dev_ws/src/vicon-receiver-galactic/vicon_receiver/install/vicon_receiver/share/vicon_receiver/environment/pythonpath.sh
-- Symlinking: /home/andriy/dev_ws/src/vicon-receiver-galactic/vicon_receiver/install/vicon_receiver/share/vicon_receiver/environment/pythonpath.dsv
-- Symlinking: /home/andriy/dev_ws/src/vicon-receiver-galactic/vicon_receiver/install/vicon_receiver/local/lib/python3.10/dist-packages/vicon_receiver-0.1.1-py3.10.egg-info/PKG-INFO
-- Symlinking: /home/andriy/dev_ws/src/vicon-receiver-galactic/vicon_receiver/install/vicon_receiver/local/lib/python3.10/dist-packages/vicon_receiver-0.1.1-py3.10.egg-info/SOURCES.txt
-- Symlinking: /home/andriy/dev_ws/src/vicon-receiver-galactic/vicon_receiver/install/vicon_receiver/local/lib/python3.10/dist-packages/vicon_receiver-0.1.1-py3.10.egg-info/dependency_links.txt
-- Symlinking: /home/andriy/dev_ws/src/vicon-receiver-galactic/vicon_receiver/install/vicon_receiver/local/lib/python3.10/dist-packages/vicon_receiver-0.1.1-py3.10.egg-info/top_level.txt
-- Symlinking: /home/andriy/dev_ws/src/vicon-receiver-galactic/vicon_receiver/install/vicon_receiver/local/lib/python3.10/dist-packages/vicon_receiver/__init__.py
-- Symlinking: /home/andriy/dev_ws/src/vicon-receiver-galactic/vicon_receiver/install/vicon_receiver/local/lib/python3.10/dist-packages/vicon_receiver/_vicon_receiver_s.ep.rosidl_typesupport_c.c
-- Symlinking: /home/andriy/dev_ws/src/vicon-receiver-galactic/vicon_receiver/install/vicon_receiver/local/lib/python3.10/dist-packages/vicon_receiver/_vicon_receiver_s.ep.rosidl_typesupport_fastrtps_c.c
-- Symlinking: /home/andriy/dev_ws/src/vicon-receiver-galactic/vicon_receiver/install/vicon_receiver/local/lib/python3.10/dist-packages/vicon_receiver/_vicon_receiver_s.ep.rosidl_typesupport_introspection_c.c
-- Symlinking: /home/andriy/dev_ws/src/vicon-receiver-galactic/vicon_receiver/install/vicon_receiver/local/lib/python3.10/dist-packages/vicon_receiver/libvicon_receiver__rosidl_generator_py.so
-- Symlinking: /home/andriy/dev_ws/src/vicon-receiver-galactic/vicon_receiver/install/vicon_receiver/local/lib/python3.10/dist-packages/vicon_receiver/msg/__init__.py
-- Symlinking: /home/andriy/dev_ws/src/vicon-receiver-galactic/vicon_receiver/install/vicon_receiver/local/lib/python3.10/dist-packages/vicon_receiver/msg/_position.py
-- Symlinking: /home/andriy/dev_ws/src/vicon-receiver-galactic/vicon_receiver/install/vicon_receiver/local/lib/python3.10/dist-packages/vicon_receiver/msg/_position_s.c
-- Symlinking: /home/andriy/dev_ws/src/vicon-receiver-galactic/vicon_receiver/install/vicon_receiver/local/lib/python3.10/dist-packages/vicon_receiver/vicon_receiver_s__rosidl_typesupport_c.cpython-310-x86_64-linux-gnu.so
-- Symlinking: /home/andriy/dev_ws/src/vicon-receiver-galactic/vicon_receiver/install/vicon_receiver/local/lib/python3.10/dist-packages/vicon_receiver/vicon_receiver_s__rosidl_typesupport_fastrtps_c.cpython-310-x86_64-linux-gnu.so
-- Symlinking: /home/andriy/dev_ws/src/vicon-receiver-galactic/vicon_receiver/install/vicon_receiver/local/lib/python3.10/dist-packages/vicon_receiver/vicon_receiver_s__rosidl_typesupport_introspection_c.cpython-310-x86_64-linux-gnu.so
-- Up-to-date symlink: /home/andriy/dev_ws/src/vicon-receiver-galactic/vicon_receiver/install/vicon_receiver/local/lib/python3.10/dist-packages/vicon_receiver/vicon_receiver_s__rosidl_typesupport_fastrtps_c.cpython-310-x86_64-linux-gnu.so
-- Up-to-date symlink: /home/andriy/dev_ws/src/vicon-receiver-galactic/vicon_receiver/install/vicon_receiver/local/lib/python3.10/dist-packages/vicon_receiver/vicon_receiver_s__rosidl_typesupport_introspection_c.cpython-310-x86_64-linux-gnu.so
-- Up-to-date symlink: /home/andriy/dev_ws/src/vicon-receiver-galactic/vicon_receiver/install/vicon_receiver/local/lib/python3.10/dist-packages/vicon_receiver/vicon_receiver_s__rosidl_typesupport_c.cpython-310-x86_64-linux-gnu.so
-- Symlinking: /home/andriy/dev_ws/src/vicon-receiver-galactic/vicon_receiver/install/vicon_receiver/share/vicon_receiver/msg/Position.idl
-- Symlinking: /home/andriy/dev_ws/src/vicon-receiver-galactic/vicon_receiver/install/vicon_receiver/share/vicon_receiver/msg/Position.msg
-- Symlinking: /home/andriy/dev_ws/src/vicon-receiver-galactic/vicon_receiver/install/vicon_receiver/lib/vicon_receiver/vicon_client
-- Symlinking: /home/andriy/dev_ws/src/vicon-receiver-galactic/vicon_receiver/install/vicon_receiver/share/vicon_receiver//launch/client.launch.py
-- Symlinking: /home/andriy/dev_ws/src/vicon-receiver-galactic/vicon_receiver/install/vicon_receiver/share/ament_index/resource_index/package_run_dependencies/vicon_receiver
-- Symlinking: /home/andriy/dev_ws/src/vicon-receiver-galactic/vicon_receiver/install/vicon_receiver/share/ament_index/resource_index/parent_prefix_path/vicon_receiver
-- Symlinking: /home/andriy/dev_ws/src/vicon-receiver-galactic/vicon_receiver/install/vicon_receiver/share/vicon_receiver/environment/ament_prefix_path.sh
-- Symlinking: /home/andriy/dev_ws/src/vicon-receiver-galactic/vicon_receiver/install/vicon_receiver/share/vicon_receiver/environment/ament_prefix_path.dsv
-- Symlinking: /home/andriy/dev_ws/src/vicon-receiver-galactic/vicon_receiver/install/vicon_receiver/share/vicon_receiver/environment/path.sh
-- Symlinking: /home/andriy/dev_ws/src/vicon-receiver-galactic/vicon_receiver/install/vicon_receiver/share/vicon_receiver/environment/path.dsv
-- Symlinking: /home/andriy/dev_ws/src/vicon-receiver-galactic/vicon_receiver/install/vicon_receiver/share/vicon_receiver/local_setup.bash
-- Symlinking: /home/andriy/dev_ws/src/vicon-receiver-galactic/vicon_receiver/install/vicon_receiver/share/vicon_receiver/local_setup.sh
-- Symlinking: /home/andriy/dev_ws/src/vicon-receiver-galactic/vicon_receiver/install/vicon_receiver/share/vicon_receiver/local_setup.zsh
-- Symlinking: /home/andriy/dev_ws/src/vicon-receiver-galactic/vicon_receiver/install/vicon_receiver/share/vicon_receiver/local_setup.dsv
-- Symlinking: /home/andriy/dev_ws/src/vicon-receiver-galactic/vicon_receiver/install/vicon_receiver/share/vicon_receiver/package.dsv
-- Symlinking: /home/andriy/dev_ws/src/vicon-receiver-galactic/vicon_receiver/install/vicon_receiver/share/ament_index/resource_index/packages/vicon_receiver
-- Symlinking: /home/andriy/dev_ws/src/vicon-receiver-galactic/vicon_receiver/install/vicon_receiver/share/vicon_receiver/cmake/rosidl_cmake-extras.cmake
-- Symlinking: /home/andriy/dev_ws/src/vicon-receiver-galactic/vicon_receiver/install/vicon_receiver/share/vicon_receiver/cmake/ament_cmake_export_dependencies-extras.cmake
-- Symlinking: /home/andriy/dev_ws/src/vicon-receiver-galactic/vicon_receiver/install/vicon_receiver/share/vicon_receiver/cmake/ament_cmake_export_include_directories-extras.cmake
-- Symlinking: /home/andriy/dev_ws/src/vicon-receiver-galactic/vicon_receiver/install/vicon_receiver/share/vicon_receiver/cmake/ament_cmake_export_libraries-extras.cmake
-- Symlinking: /home/andriy/dev_ws/src/vicon-receiver-galactic/vicon_receiver/install/vicon_receiver/share/vicon_receiver/cmake/ament_cmake_export_targets-extras.cmake
-- Symlinking: /home/andriy/dev_ws/src/vicon-receiver-galactic/vicon_receiver/install/vicon_receiver/share/vicon_receiver/cmake/rosidl_cmake_export_typesupport_targets-extras.cmake
-- Symlinking: /home/andriy/dev_ws/src/vicon-receiver-galactic/vicon_receiver/install/vicon_receiver/share/vicon_receiver/cmake/rosidl_cmake_export_typesupport_libraries-extras.cmake
-- Symlinking: /home/andriy/dev_ws/src/vicon-receiver-galactic/vicon_receiver/install/vicon_receiver/share/vicon_receiver/cmake/vicon_receiverConfig.cmake
-- Symlinking: /home/andriy/dev_ws/src/vicon-receiver-galactic/vicon_receiver/install/vicon_receiver/share/vicon_receiver/cmake/vicon_receiverConfig-version.cmake
-- Symlinking: /home/andriy/dev_ws/src/vicon-receiver-galactic/vicon_receiver/install/vicon_receiver/share/vicon_receiver/package.xml
-- Installing: /home/andriy/dev_ws/src/vicon-receiver-galactic/vicon_receiver/install/vicon_receiver/lib/libvicon_receiver__rosidl_generator_c.so
-- Set runtime path of "/home/andriy/dev_ws/src/vicon-receiver-galactic/vicon_receiver/install/vicon_receiver/lib/libvicon_receiver__rosidl_generator_c.so" to ""
-- Installing: /home/andriy/dev_ws/src/vicon-receiver-galactic/vicon_receiver/install/vicon_receiver/lib/libvicon_receiver__rosidl_typesupport_fastrtps_c.so
-- Set runtime path of "/home/andriy/dev_ws/src/vicon-receiver-galactic/vicon_receiver/install/vicon_receiver/lib/libvicon_receiver__rosidl_typesupport_fastrtps_c.so" to ""
-- Installing: /home/andriy/dev_ws/src/vicon-receiver-galactic/vicon_receiver/install/vicon_receiver/lib/libvicon_receiver__rosidl_typesupport_introspection_c.so
-- Set runtime path of "/home/andriy/dev_ws/src/vicon-receiver-galactic/vicon_receiver/install/vicon_receiver/lib/libvicon_receiver__rosidl_typesupport_introspection_c.so" to ""
-- Installing: /home/andriy/dev_ws/src/vicon-receiver-galactic/vicon_receiver/install/vicon_receiver/lib/libvicon_receiver__rosidl_typesupport_c.so
-- Set runtime path of "/home/andriy/dev_ws/src/vicon-receiver-galactic/vicon_receiver/install/vicon_receiver/lib/libvicon_receiver__rosidl_typesupport_c.so" to ""
-- Installing: /home/andriy/dev_ws/src/vicon-receiver-galactic/vicon_receiver/install/vicon_receiver/lib/libvicon_receiver__rosidl_typesupport_fastrtps_cpp.so
-- Set runtime path of "/home/andriy/dev_ws/src/vicon-receiver-galactic/vicon_receiver/install/vicon_receiver/lib/libvicon_receiver__rosidl_typesupport_fastrtps_cpp.so" to ""
-- Installing: /home/andriy/dev_ws/src/vicon-receiver-galactic/vicon_receiver/install/vicon_receiver/lib/libvicon_receiver__rosidl_typesupport_introspection_cpp.so
-- Set runtime path of "/home/andriy/dev_ws/src/vicon-receiver-galactic/vicon_receiver/install/vicon_receiver/lib/libvicon_receiver__rosidl_typesupport_introspection_cpp.so" to ""
-- Installing: /home/andriy/dev_ws/src/vicon-receiver-galactic/vicon_receiver/install/vicon_receiver/lib/libvicon_receiver__rosidl_typesupport_cpp.so
-- Set runtime path of "/home/andriy/dev_ws/src/vicon-receiver-galactic/vicon_receiver/install/vicon_receiver/lib/libvicon_receiver__rosidl_typesupport_cpp.so" to ""
Listing '/home/andriy/dev_ws/src/vicon-receiver-galactic/vicon_receiver/install/vicon_receiver/local/lib/python3.10/dist-packages/vicon_receiver'...
Compiling '/home/andriy/dev_ws/src/vicon-receiver-galactic/vicon_receiver/install/vicon_receiver/local/lib/python3.10/dist-packages/vicon_receiver/__init__.py'...
Listing '/home/andriy/dev_ws/src/vicon-receiver-galactic/vicon_receiver/install/vicon_receiver/local/lib/python3.10/dist-packages/vicon_receiver/msg'...
Compiling '/home/andriy/dev_ws/src/vicon-receiver-galactic/vicon_receiver/install/vicon_receiver/local/lib/python3.10/dist-packages/vicon_receiver/msg/__init__.py'...
Compiling '/home/andriy/dev_ws/src/vicon-receiver-galactic/vicon_receiver/install/vicon_receiver/local/lib/python3.10/dist-packages/vicon_receiver/msg/_position.py'...
-- Installing: /home/andriy/dev_ws/src/vicon-receiver-galactic/vicon_receiver/install/vicon_receiver/lib/libvicon_receiver__rosidl_generator_py.so
-- Set runtime path of "/home/andriy/dev_ws/src/vicon-receiver-galactic/vicon_receiver/install/vicon_receiver/lib/libvicon_receiver__rosidl_generator_py.so" to ""
-- Installing: /home/andriy/dev_ws/src/vicon-receiver-galactic/vicon_receiver/install/vicon_receiver/share/vicon_receiver/cmake/export_vicon_receiver__rosidl_generator_cExport.cmake
-- Installing: /home/andriy/dev_ws/src/vicon-receiver-galactic/vicon_receiver/install/vicon_receiver/share/vicon_receiver/cmake/export_vicon_receiver__rosidl_generator_cExport-noconfig.cmake
-- Installing: /home/andriy/dev_ws/src/vicon-receiver-galactic/vicon_receiver/install/vicon_receiver/share/vicon_receiver/cmake/export_vicon_receiver__rosidl_typesupport_fastrtps_cExport.cmake
-- Installing: /home/andriy/dev_ws/src/vicon-receiver-galactic/vicon_receiver/install/vicon_receiver/share/vicon_receiver/cmake/export_vicon_receiver__rosidl_typesupport_fastrtps_cExport-noconfig.cmake
-- Installing: /home/andriy/dev_ws/src/vicon-receiver-galactic/vicon_receiver/install/vicon_receiver/share/vicon_receiver/cmake/vicon_receiver__rosidl_typesupport_introspection_cExport.cmake
-- Installing: /home/andriy/dev_ws/src/vicon-receiver-galactic/vicon_receiver/install/vicon_receiver/share/vicon_receiver/cmake/vicon_receiver__rosidl_typesupport_introspection_cExport-noconfig.cmake
-- Installing: /home/andriy/dev_ws/src/vicon-receiver-galactic/vicon_receiver/install/vicon_receiver/share/vicon_receiver/cmake/vicon_receiver__rosidl_typesupport_cExport.cmake
-- Installing: /home/andriy/dev_ws/src/vicon-receiver-galactic/vicon_receiver/install/vicon_receiver/share/vicon_receiver/cmake/vicon_receiver__rosidl_typesupport_cExport-noconfig.cmake
-- Installing: /home/andriy/dev_ws/src/vicon-receiver-galactic/vicon_receiver/install/vicon_receiver/share/vicon_receiver/cmake/export_vicon_receiver__rosidl_generator_cppExport.cmake
-- Installing: /home/andriy/dev_ws/src/vicon-receiver-galactic/vicon_receiver/install/vicon_receiver/share/vicon_receiver/cmake/export_vicon_receiver__rosidl_typesupport_fastrtps_cppExport.cmake
-- Installing: /home/andriy/dev_ws/src/vicon-receiver-galactic/vicon_receiver/install/vicon_receiver/share/vicon_receiver/cmake/export_vicon_receiver__rosidl_typesupport_fastrtps_cppExport-noconfig.cmake
-- Installing: /home/andriy/dev_ws/src/vicon-receiver-galactic/vicon_receiver/install/vicon_receiver/share/vicon_receiver/cmake/vicon_receiver__rosidl_typesupport_introspection_cppExport.cmake
-- Installing: /home/andriy/dev_ws/src/vicon-receiver-galactic/vicon_receiver/install/vicon_receiver/share/vicon_receiver/cmake/vicon_receiver__rosidl_typesupport_introspection_cppExport-noconfig.cmake
-- Installing: /home/andriy/dev_ws/src/vicon-receiver-galactic/vicon_receiver/install/vicon_receiver/share/vicon_receiver/cmake/vicon_receiver__rosidl_typesupport_cppExport.cmake
-- Installing: /home/andriy/dev_ws/src/vicon-receiver-galactic/vicon_receiver/install/vicon_receiver/share/vicon_receiver/cmake/vicon_receiver__rosidl_typesupport_cppExport-noconfig.cmake
-- Installing: /home/andriy/dev_ws/src/vicon-receiver-galactic/vicon_receiver/install/vicon_receiver/share/vicon_receiver/cmake/export_vicon_receiver__rosidl_generator_pyExport.cmake
-- Installing: /home/andriy/dev_ws/src/vicon-receiver-galactic/vicon_receiver/install/vicon_receiver/share/vicon_receiver/cmake/export_vicon_receiver__rosidl_generator_pyExport-noconfig.cmake
