-- Found ament_cmake: 1.3.3 (/opt/ros/humble/share/ament_cmake/cmake)
-- Override CMake install command with custom implementation using symlinks instead of copying resources
-- Found rosidl_default_generators: 1.2.0 (/opt/ros/humble/share/rosidl_default_generators/cmake)
-- Using all available rosidl_typesupport_c: rosidl_typesupport_fastrtps_c;rosidl_typesupport_introspection_c
-- Found rosidl_adapter: 3.1.4 (/opt/ros/humble/share/rosidl_adapter/cmake)
-- Using all available rosidl_typesupport_cpp: rosidl_typesupport_fastrtps_cpp;rosidl_typesupport_introspection_cpp
-- Found rclcpp: 16.0.3 (/opt/ros/humble/share/rclcpp/cmake)
-- Found rmw_implementation_cmake: 6.1.1 (/opt/ros/humble/share/rmw_implementation_cmake/cmake)
-- Found rmw_fastrtps_cpp: 6.2.2 (/opt/ros/humble/share/rmw_fastrtps_cpp/cmake)
-- Using RMW implementation 'rmw_fastrtps_cpp' as default
-- Found ament_cmake_ros: 0.10.0 (/opt/ros/humble/share/ament_cmake_ros/cmake)
-- Using all available rosidl_typesupport_c: rosidl_typesupport_fastrtps_c;rosidl_typesupport_introspection_c
-- Using all available rosidl_typesupport_cpp: rosidl_typesupport_fastrtps_cpp;rosidl_typesupport_introspection_cpp
-- Found python_cmake_module: 0.10.0 (/opt/ros/humble/share/python_cmake_module/cmake)
-- Using PYTHON_EXECUTABLE: /usr/bin/python3
-- Using PYTHON_INCLUDE_DIRS: /usr/include/python3.10
-- Using PYTHON_LIBRARIES: /usr/lib/x86_64-linux-gnu/libpython3.10.so
-- Configuring done
-- Generating done
-- Build files have been written to: /home/andriy/dev_ws/src/vicon-receiver-galactic/vicon_receiver/build/vicon_receiver
[  2%] [34m[1mGenerating C code for ROS interfaces[0m
[  5%] [34m[1mGenerating C++ code for ROS interfaces[0m
[  8%] [32mBuilding CXX object CMakeFiles/vicon_client.dir/src/vicon_receiver/communicator.cpp.o[0m
[ 11%] [32mBuilding CXX object CMakeFiles/vicon_client.dir/src/vicon_receiver/publisher.cpp.o[0m
[ 11%] Built target ament_cmake_python_symlink_vicon_receiver
[ 11%] Built target vicon_receiver__cpp
[ 14%] [32mBuilding C object CMakeFiles/vicon_receiver__rosidl_generator_c.dir/rosidl_generator_c/vicon_receiver/msg/detail/position__functions.c.o[0m
running egg_info
creating vicon_receiver.egg-info
writing vicon_receiver.egg-info/PKG-INFO
writing dependency_links to vicon_receiver.egg-info/dependency_links.txt
writing top-level names to vicon_receiver.egg-info/top_level.txt
writing manifest file 'vicon_receiver.egg-info/SOURCES.txt'
reading manifest file 'vicon_receiver.egg-info/SOURCES.txt'
writing manifest file 'vicon_receiver.egg-info/SOURCES.txt'
[ 14%] Built target ament_cmake_python_build_vicon_receiver_egg
[ 17%] [32m[1mLinking C shared library libvicon_receiver__rosidl_generator_c.so[0m
[ 17%] Built target vicon_receiver__rosidl_generator_c
