[0.009s] Invoking command in '/home/andriy/dev_ws/src/vicon-receiver-galactic/vicon_receiver/build/vicon_receiver': CMAKE_PREFIX_PATH=${CMAKE_PREFIX_PATH}:/home/andriy/dev_ws/install/olympe_bridge_nodes:/home/andriy/dev_ws/install/camera_calibration:/opt/ros/humble /usr/bin/cmake /home/andriy/dev_ws/src/vicon-receiver-galactic/vicon_receiver -DAMENT_CMAKE_SYMLINK_INSTALL=1 -DCMAKE_INSTALL_PREFIX=/home/andriy/dev_ws/src/vicon-receiver-galactic/vicon_receiver/install/vicon_receiver
[0.017s] -- Found ament_cmake: 1.3.3 (/opt/ros/humble/share/ament_cmake/cmake)
[0.117s] -- Override CMake install command with custom implementation using symlinks instead of copying resources
[0.122s] -- Found rosidl_default_generators: 1.2.0 (/opt/ros/humble/share/rosidl_default_generators/cmake)
[0.124s] -- Using all available rosidl_typesupport_c: rosidl_typesupport_fastrtps_c;rosidl_typesupport_introspection_c
[0.125s] -- Found rosidl_adapter: 3.1.4 (/opt/ros/humble/share/rosidl_adapter/cmake)
[0.145s] -- Using all available rosidl_typesupport_cpp: rosidl_typesupport_fastrtps_cpp;rosidl_typesupport_introspection_cpp
[0.162s] -- Found rclcpp: 16.0.3 (/opt/ros/humble/share/rclcpp/cmake)
[0.208s] -- Found rmw_implementation_cmake: 6.1.1 (/opt/ros/humble/share/rmw_implementation_cmake/cmake)
[0.209s] -- Found rmw_fastrtps_cpp: 6.2.2 (/opt/ros/humble/share/rmw_fastrtps_cpp/cmake)
[0.285s] -- Using RMW implementation 'rmw_fastrtps_cpp' as default
[0.566s] -- Found ament_cmake_ros: 0.10.0 (/opt/ros/humble/share/ament_cmake_ros/cmake)
[0.700s] -- Using all available rosidl_typesupport_c: rosidl_typesupport_fastrtps_c;rosidl_typesupport_introspection_c
[0.864s] -- Using all available rosidl_typesupport_cpp: rosidl_typesupport_fastrtps_cpp;rosidl_typesupport_introspection_cpp
[0.880s] -- Found python_cmake_module: 0.10.0 (/opt/ros/humble/share/python_cmake_module/cmake)
[0.895s] -- Using PYTHON_EXECUTABLE: /usr/bin/python3
[0.895s] -- Using PYTHON_INCLUDE_DIRS: /usr/include/python3.10
[0.895s] -- Using PYTHON_LIBRARIES: /usr/lib/x86_64-linux-gnu/libpython3.10.so
[0.907s] [31mCMake Error at CMakeLists.txt:47 (target_link_libraries):
[0.907s]   Cannot specify link libraries for target "typesupport_impl" which is not
[0.907s]   built by this project.
[0.907s] 
[0.907s] [0m
[0.908s] -- Configuring incomplete, errors occurred!
[0.908s] See also "/home/andriy/dev_ws/src/vicon-receiver-galactic/vicon_receiver/build/vicon_receiver/CMakeFiles/CMakeOutput.log".
[0.913s] Invoked command in '/home/andriy/dev_ws/src/vicon-receiver-galactic/vicon_receiver/build/vicon_receiver' returned '1': CMAKE_PREFIX_PATH=${CMAKE_PREFIX_PATH}:/home/andriy/dev_ws/install/olympe_bridge_nodes:/home/andriy/dev_ws/install/camera_calibration:/opt/ros/humble /usr/bin/cmake /home/andriy/dev_ws/src/vicon-receiver-galactic/vicon_receiver -DAMENT_CMAKE_SYMLINK_INSTALL=1 -DCMAKE_INSTALL_PREFIX=/home/andriy/dev_ws/src/vicon-receiver-galactic/vicon_receiver/install/vicon_receiver
