[0.008s] Invoking command in '/home/andriy/dev_ws/src/vicon-receiver-galactic/vicon_receiver/build/vicon_receiver': CMAKE_PREFIX_PATH=${CMAKE_PREFIX_PATH}:/home/andriy/dev_ws/install/olympe_bridge_nodes:/home/andriy/dev_ws/install/camera_calibration:/opt/ros/humble /usr/bin/cmake /home/andriy/dev_ws/src/vicon-receiver-galactic/vicon_receiver -DAMENT_CMAKE_SYMLINK_INSTALL=1 -DCMAKE_INSTALL_PREFIX=/home/andriy/dev_ws/src/vicon-receiver-galactic/vicon_receiver/install/vicon_receiver
[0.016s] -- Found ament_cmake: 1.3.3 (/opt/ros/humble/share/ament_cmake/cmake)
[0.119s] -- Override CMake install command with custom implementation using symlinks instead of copying resources
[0.124s] -- Found rosidl_default_generators: 1.2.0 (/opt/ros/humble/share/rosidl_default_generators/cmake)
[0.126s] -- Using all available rosidl_typesupport_c: rosidl_typesupport_fastrtps_c;rosidl_typesupport_introspection_c
[0.127s] -- Found rosidl_adapter: 3.1.4 (/opt/ros/humble/share/rosidl_adapter/cmake)
[0.147s] -- Using all available rosidl_typesupport_cpp: rosidl_typesupport_fastrtps_cpp;rosidl_typesupport_introspection_cpp
[0.163s] -- Found rclcpp: 16.0.3 (/opt/ros/humble/share/rclcpp/cmake)
[0.210s] -- Found rmw_implementation_cmake: 6.1.1 (/opt/ros/humble/share/rmw_implementation_cmake/cmake)
[0.211s] -- Found rmw_fastrtps_cpp: 6.2.2 (/opt/ros/humble/share/rmw_fastrtps_cpp/cmake)
[0.290s] -- Using RMW implementation 'rmw_fastrtps_cpp' as default
[0.577s] -- Found ament_cmake_ros: 0.10.0 (/opt/ros/humble/share/ament_cmake_ros/cmake)
[0.705s] -- Using all available rosidl_typesupport_c: rosidl_typesupport_fastrtps_c;rosidl_typesupport_introspection_c
[0.874s] -- Using all available rosidl_typesupport_cpp: rosidl_typesupport_fastrtps_cpp;rosidl_typesupport_introspection_cpp
[0.892s] -- Found python_cmake_module: 0.10.0 (/opt/ros/humble/share/python_cmake_module/cmake)
[0.908s] -- Using PYTHON_EXECUTABLE: /usr/bin/python3
[0.908s] -- Using PYTHON_INCLUDE_DIRS: /usr/include/python3.10
[0.908s] -- Using PYTHON_LIBRARIES: /usr/lib/x86_64-linux-gnu/libpython3.10.so
[0.921s] [31mCMake Error at CMakeLists.txt:47 (target_link_libraries):
[0.921s]   Cannot specify link libraries for target "rosidl_typesupport_cpp" which is
[0.921s]   not built by this project.
[0.921s] 
[0.921s] [0m
[0.921s] -- Configuring incomplete, errors occurred!
[0.921s] See also "/home/andriy/dev_ws/src/vicon-receiver-galactic/vicon_receiver/build/vicon_receiver/CMakeFiles/CMakeOutput.log".
[0.927s] Invoked command in '/home/andriy/dev_ws/src/vicon-receiver-galactic/vicon_receiver/build/vicon_receiver' returned '1': CMAKE_PREFIX_PATH=${CMAKE_PREFIX_PATH}:/home/andriy/dev_ws/install/olympe_bridge_nodes:/home/andriy/dev_ws/install/camera_calibration:/opt/ros/humble /usr/bin/cmake /home/andriy/dev_ws/src/vicon-receiver-galactic/vicon_receiver -DAMENT_CMAKE_SYMLINK_INSTALL=1 -DCMAKE_INSTALL_PREFIX=/home/andriy/dev_ws/src/vicon-receiver-galactic/vicon_receiver/install/vicon_receiver
