[0.009s] Invoking command in '/home/andriy/dev_ws/src/vicon-receiver-galactic/vicon_receiver/build/vicon_receiver': CMAKE_PREFIX_PATH=${CMAKE_PREFIX_PATH}:/home/andriy/dev_ws/install/olympe_bridge_nodes:/home/andriy/dev_ws/install/camera_calibration:/opt/ros/humble /usr/bin/cmake --build /home/andriy/dev_ws/src/vicon-receiver-galactic/vicon_receiver/build/vicon_receiver -- -j20 -l20
[0.025s] -- Found ament_cmake: 1.3.3 (/opt/ros/humble/share/ament_cmake/cmake)
[0.124s] -- Override CMake install command with custom implementation using symlinks instead of copying resources
[0.128s] -- Found rosidl_default_generators: 1.2.0 (/opt/ros/humble/share/rosidl_default_generators/cmake)
[0.130s] -- Using all available rosidl_typesupport_c: rosidl_typesupport_fastrtps_c;rosidl_typesupport_introspection_c
[0.132s] -- Found rosidl_adapter: 3.1.4 (/opt/ros/humble/share/rosidl_adapter/cmake)
[0.152s] -- Using all available rosidl_typesupport_cpp: rosidl_typesupport_fastrtps_cpp;rosidl_typesupport_introspection_cpp
[0.168s] -- Found rclcpp: 16.0.3 (/opt/ros/humble/share/rclcpp/cmake)
[0.214s] -- Found rmw_implementation_cmake: 6.1.1 (/opt/ros/humble/share/rmw_implementation_cmake/cmake)
[0.216s] -- Found rmw_fastrtps_cpp: 6.2.2 (/opt/ros/humble/share/rmw_fastrtps_cpp/cmake)
[0.291s] -- Using RMW implementation 'rmw_fastrtps_cpp' as default
[0.594s] -- Found ament_cmake_ros: 0.10.0 (/opt/ros/humble/share/ament_cmake_ros/cmake)
[0.751s] -- Using all available rosidl_typesupport_c: rosidl_typesupport_fastrtps_c;rosidl_typesupport_introspection_c
[0.943s] -- Using all available rosidl_typesupport_cpp: rosidl_typesupport_fastrtps_cpp;rosidl_typesupport_introspection_cpp
[0.959s] -- Found python_cmake_module: 0.10.0 (/opt/ros/humble/share/python_cmake_module/cmake)
[0.975s] -- Using PYTHON_EXECUTABLE: /usr/bin/python3
[0.975s] -- Using PYTHON_INCLUDE_DIRS: /usr/include/python3.10
[0.975s] -- Using PYTHON_LIBRARIES: /usr/lib/x86_64-linux-gnu/libpython3.10.so
[1.001s] -- Configuring done
[1.022s] -- Generating done
[1.023s] -- Build files have been written to: /home/andriy/dev_ws/src/vicon-receiver-galactic/vicon_receiver/build/vicon_receiver
[1.041s] [35m[1mConsolidate compiler generated dependencies of target vicon_receiver__rosidl_generator_c[0m
[1.049s] [  5%] Built target vicon_receiver__cpp
[1.049s] [ 11%] Built target vicon_receiver__rosidl_generator_c
[1.058s] [35m[1mConsolidate compiler generated dependencies of target vicon_receiver__rosidl_typesupport_cpp[0m
[1.059s] [35m[1mConsolidate compiler generated dependencies of target vicon_receiver__rosidl_typesupport_fastrtps_c[0m
[1.060s] [35m[1mConsolidate compiler generated dependencies of target vicon_receiver__rosidl_typesupport_c[0m
[1.060s] [ 11%] Built target ament_cmake_python_symlink_vicon_receiver
[1.060s] [35m[1mConsolidate compiler generated dependencies of target vicon_receiver__rosidl_typesupport_introspection_c[0m
[1.060s] [35m[1mConsolidate compiler generated dependencies of target vicon_receiver__rosidl_typesupport_introspection_cpp[0m
[1.060s] [35m[1mConsolidate compiler generated dependencies of target vicon_receiver__rosidl_typesupport_fastrtps_cpp[0m
[1.067s] [ 20%] Built target vicon_receiver__rosidl_typesupport_cpp
[1.069s] [ 29%] Built target vicon_receiver__rosidl_typesupport_c
[1.069s] [ 41%] Built target vicon_receiver__rosidl_typesupport_fastrtps_cpp
[1.069s] [ 47%] Built target vicon_receiver__rosidl_typesupport_introspection_c
[1.070s] [ 55%] Built target vicon_receiver__rosidl_typesupport_fastrtps_c
[1.070s] [ 64%] Built target vicon_receiver__rosidl_typesupport_introspection_cpp
[1.075s] [35m[1mConsolidate compiler generated dependencies of target vicon_client[0m
[1.082s] [ 64%] Built target vicon_receiver
[1.090s] [ 73%] Built target vicon_client
[1.094s] [ 76%] Built target vicon_receiver__py
[1.101s] [35m[1mConsolidate compiler generated dependencies of target vicon_receiver__rosidl_generator_py[0m
[1.108s] [ 82%] Built target vicon_receiver__rosidl_generator_py
[1.115s] [35m[1mConsolidate compiler generated dependencies of target vicon_receiver__rosidl_typesupport_fastrtps_c__pyext[0m
[1.115s] [35m[1mConsolidate compiler generated dependencies of target vicon_receiver__rosidl_typesupport_introspection_c__pyext[0m
[1.115s] [35m[1mConsolidate compiler generated dependencies of target vicon_receiver__rosidl_typesupport_c__pyext[0m
[1.123s] [100%] Built target vicon_receiver__rosidl_typesupport_introspection_c__pyext
[1.123s] [100%] Built target vicon_receiver__rosidl_typesupport_fastrtps_c__pyext
[1.123s] [100%] Built target vicon_receiver__rosidl_typesupport_c__pyext
[1.228s] running egg_info
[1.228s] writing vicon_receiver.egg-info/PKG-INFO
[1.228s] writing dependency_links to vicon_receiver.egg-info/dependency_links.txt
[1.228s] writing top-level names to vicon_receiver.egg-info/top_level.txt
[1.230s] reading manifest file 'vicon_receiver.egg-info/SOURCES.txt'
[1.230s] writing manifest file 'vicon_receiver.egg-info/SOURCES.txt'
[1.246s] [100%] Built target ament_cmake_python_build_vicon_receiver_egg
[1.255s] Invoked command in '/home/andriy/dev_ws/src/vicon-receiver-galactic/vicon_receiver/build/vicon_receiver' returned '0': CMAKE_PREFIX_PATH=${CMAKE_PREFIX_PATH}:/home/andriy/dev_ws/install/olympe_bridge_nodes:/home/andriy/dev_ws/install/camera_calibration:/opt/ros/humble /usr/bin/cmake --build /home/andriy/dev_ws/src/vicon-receiver-galactic/vicon_receiver/build/vicon_receiver -- -j20 -l20
[1.341s] Invoking command in '/home/andriy/dev_ws/src/vicon-receiver-galactic/vicon_receiver/build/vicon_receiver': CMAKE_PREFIX_PATH=${CMAKE_PREFIX_PATH}:/home/andriy/dev_ws/install/olympe_bridge_nodes:/home/andriy/dev_ws/install/camera_calibration:/opt/ros/humble /usr/bin/cmake --install /home/andriy/dev_ws/src/vicon-receiver-galactic/vicon_receiver/build/vicon_receiver
[1.349s] -- Install configuration: ""
[1.349s] -- Execute custom install script
[1.350s] -- Up-to-date symlink: /home/andriy/dev_ws/src/vicon-receiver-galactic/vicon_receiver/install/vicon_receiver/share/ament_index/resource_index/rosidl_interfaces/vicon_receiver
[1.350s] -- Up-to-date symlink: /home/andriy/dev_ws/src/vicon-receiver-galactic/vicon_receiver/install/vicon_receiver/include/vicon_receiver/vicon_receiver/msg/detail/position__functions.h
[1.350s] -- Up-to-date symlink: /home/andriy/dev_ws/src/vicon-receiver-galactic/vicon_receiver/install/vicon_receiver/include/vicon_receiver/vicon_receiver/msg/detail/position__struct.h
[1.351s] -- Up-to-date symlink: /home/andriy/dev_ws/src/vicon-receiver-galactic/vicon_receiver/install/vicon_receiver/include/vicon_receiver/vicon_receiver/msg/detail/position__type_support.h
[1.351s] -- Up-to-date symlink: /home/andriy/dev_ws/src/vicon-receiver-galactic/vicon_receiver/install/vicon_receiver/include/vicon_receiver/vicon_receiver/msg/position.h
[1.351s] -- Up-to-date symlink: /home/andriy/dev_ws/src/vicon-receiver-galactic/vicon_receiver/install/vicon_receiver/include/vicon_receiver/vicon_receiver/msg/rosidl_generator_c__visibility_control.h
[1.351s] -- Up-to-date symlink: /home/andriy/dev_ws/src/vicon-receiver-galactic/vicon_receiver/install/vicon_receiver/share/vicon_receiver/environment/library_path.sh
[1.351s] -- Up-to-date symlink: /home/andriy/dev_ws/src/vicon-receiver-galactic/vicon_receiver/install/vicon_receiver/share/vicon_receiver/environment/library_path.dsv
[1.352s] -- Up-to-date symlink: /home/andriy/dev_ws/src/vicon-receiver-galactic/vicon_receiver/install/vicon_receiver/include/vicon_receiver/vicon_receiver/msg/detail/position__rosidl_typesupport_fastrtps_c.h
[1.352s] -- Up-to-date symlink: /home/andriy/dev_ws/src/vicon-receiver-galactic/vicon_receiver/install/vicon_receiver/include/vicon_receiver/vicon_receiver/msg/rosidl_typesupport_fastrtps_c__visibility_control.h
[1.352s] -- Up-to-date symlink: /home/andriy/dev_ws/src/vicon-receiver-galactic/vicon_receiver/install/vicon_receiver/include/vicon_receiver/vicon_receiver/msg/detail/position__rosidl_typesupport_introspection_c.h
[1.352s] -- Up-to-date symlink: /home/andriy/dev_ws/src/vicon-receiver-galactic/vicon_receiver/install/vicon_receiver/include/vicon_receiver/vicon_receiver/msg/rosidl_typesupport_introspection_c__visibility_control.h
[1.352s] -- Up-to-date symlink: /home/andriy/dev_ws/src/vicon-receiver-galactic/vicon_receiver/install/vicon_receiver/include/vicon_receiver/vicon_receiver/msg/detail/position__builder.hpp
[1.352s] -- Up-to-date symlink: /home/andriy/dev_ws/src/vicon-receiver-galactic/vicon_receiver/install/vicon_receiver/include/vicon_receiver/vicon_receiver/msg/detail/position__struct.hpp
[1.352s] -- Up-to-date symlink: /home/andriy/dev_ws/src/vicon-receiver-galactic/vicon_receiver/install/vicon_receiver/include/vicon_receiver/vicon_receiver/msg/detail/position__traits.hpp
[1.352s] -- Up-to-date symlink: /home/andriy/dev_ws/src/vicon-receiver-galactic/vicon_receiver/install/vicon_receiver/include/vicon_receiver/vicon_receiver/msg/position.hpp
[1.353s] -- Up-to-date symlink: /home/andriy/dev_ws/src/vicon-receiver-galactic/vicon_receiver/install/vicon_receiver/include/vicon_receiver/vicon_receiver/msg/detail/position__rosidl_typesupport_fastrtps_cpp.hpp
[1.353s] -- Up-to-date symlink: /home/andriy/dev_ws/src/vicon-receiver-galactic/vicon_receiver/install/vicon_receiver/include/vicon_receiver/vicon_receiver/msg/rosidl_typesupport_fastrtps_cpp__visibility_control.h
[1.353s] -- Up-to-date symlink: /home/andriy/dev_ws/src/vicon-receiver-galactic/vicon_receiver/install/vicon_receiver/include/vicon_receiver/vicon_receiver/msg/detail/position__rosidl_typesupport_introspection_cpp.hpp
[1.353s] -- Up-to-date symlink: /home/andriy/dev_ws/src/vicon-receiver-galactic/vicon_receiver/install/vicon_receiver/share/vicon_receiver/environment/pythonpath.sh
[1.353s] -- Up-to-date symlink: /home/andriy/dev_ws/src/vicon-receiver-galactic/vicon_receiver/install/vicon_receiver/share/vicon_receiver/environment/pythonpath.dsv
[1.353s] -- Up-to-date symlink: /home/andriy/dev_ws/src/vicon-receiver-galactic/vicon_receiver/install/vicon_receiver/local/lib/python3.10/dist-packages/vicon_receiver-0.1.1-py3.10.egg-info/PKG-INFO
[1.353s] -- Up-to-date symlink: /home/andriy/dev_ws/src/vicon-receiver-galactic/vicon_receiver/install/vicon_receiver/local/lib/python3.10/dist-packages/vicon_receiver-0.1.1-py3.10.egg-info/SOURCES.txt
[1.354s] -- Up-to-date symlink: /home/andriy/dev_ws/src/vicon-receiver-galactic/vicon_receiver/install/vicon_receiver/local/lib/python3.10/dist-packages/vicon_receiver-0.1.1-py3.10.egg-info/dependency_links.txt
[1.354s] -- Up-to-date symlink: /home/andriy/dev_ws/src/vicon-receiver-galactic/vicon_receiver/install/vicon_receiver/local/lib/python3.10/dist-packages/vicon_receiver-0.1.1-py3.10.egg-info/top_level.txt
[1.354s] -- Up-to-date symlink: /home/andriy/dev_ws/src/vicon-receiver-galactic/vicon_receiver/install/vicon_receiver/local/lib/python3.10/dist-packages/vicon_receiver/__init__.py
[1.354s] -- Up-to-date symlink: /home/andriy/dev_ws/src/vicon-receiver-galactic/vicon_receiver/install/vicon_receiver/local/lib/python3.10/dist-packages/vicon_receiver/_vicon_receiver_s.ep.rosidl_typesupport_c.c
[1.354s] -- Up-to-date symlink: /home/andriy/dev_ws/src/vicon-receiver-galactic/vicon_receiver/install/vicon_receiver/local/lib/python3.10/dist-packages/vicon_receiver/_vicon_receiver_s.ep.rosidl_typesupport_fastrtps_c.c
[1.354s] -- Up-to-date symlink: /home/andriy/dev_ws/src/vicon-receiver-galactic/vicon_receiver/install/vicon_receiver/local/lib/python3.10/dist-packages/vicon_receiver/_vicon_receiver_s.ep.rosidl_typesupport_introspection_c.c
[1.354s] -- Up-to-date symlink: /home/andriy/dev_ws/src/vicon-receiver-galactic/vicon_receiver/install/vicon_receiver/local/lib/python3.10/dist-packages/vicon_receiver/libvicon_receiver__rosidl_generator_py.so
[1.355s] -- Up-to-date symlink: /home/andriy/dev_ws/src/vicon-receiver-galactic/vicon_receiver/install/vicon_receiver/local/lib/python3.10/dist-packages/vicon_receiver/msg/__init__.py
[1.355s] -- Up-to-date symlink: /home/andriy/dev_ws/src/vicon-receiver-galactic/vicon_receiver/install/vicon_receiver/local/lib/python3.10/dist-packages/vicon_receiver/msg/_position.py
[1.355s] -- Up-to-date symlink: /home/andriy/dev_ws/src/vicon-receiver-galactic/vicon_receiver/install/vicon_receiver/local/lib/python3.10/dist-packages/vicon_receiver/msg/_position_s.c
[1.355s] -- Up-to-date symlink: /home/andriy/dev_ws/src/vicon-receiver-galactic/vicon_receiver/install/vicon_receiver/local/lib/python3.10/dist-packages/vicon_receiver/vicon_receiver_s__rosidl_typesupport_c.cpython-310-x86_64-linux-gnu.so
[1.355s] -- Up-to-date symlink: /home/andriy/dev_ws/src/vicon-receiver-galactic/vicon_receiver/install/vicon_receiver/local/lib/python3.10/dist-packages/vicon_receiver/vicon_receiver_s__rosidl_typesupport_fastrtps_c.cpython-310-x86_64-linux-gnu.so
[1.355s] -- Up-to-date symlink: /home/andriy/dev_ws/src/vicon-receiver-galactic/vicon_receiver/install/vicon_receiver/local/lib/python3.10/dist-packages/vicon_receiver/vicon_receiver_s__rosidl_typesupport_introspection_c.cpython-310-x86_64-linux-gnu.so
[1.355s] -- Up-to-date symlink: /home/andriy/dev_ws/src/vicon-receiver-galactic/vicon_receiver/install/vicon_receiver/local/lib/python3.10/dist-packages/vicon_receiver/vicon_receiver_s__rosidl_typesupport_fastrtps_c.cpython-310-x86_64-linux-gnu.so
[1.355s] -- Up-to-date symlink: /home/andriy/dev_ws/src/vicon-receiver-galactic/vicon_receiver/install/vicon_receiver/local/lib/python3.10/dist-packages/vicon_receiver/vicon_receiver_s__rosidl_typesupport_introspection_c.cpython-310-x86_64-linux-gnu.so
[1.355s] -- Up-to-date symlink: /home/andriy/dev_ws/src/vicon-receiver-galactic/vicon_receiver/install/vicon_receiver/local/lib/python3.10/dist-packages/vicon_receiver/vicon_receiver_s__rosidl_typesupport_c.cpython-310-x86_64-linux-gnu.so
[1.356s] -- Up-to-date symlink: /home/andriy/dev_ws/src/vicon-receiver-galactic/vicon_receiver/install/vicon_receiver/share/vicon_receiver/msg/Position.idl
[1.356s] -- Up-to-date symlink: /home/andriy/dev_ws/src/vicon-receiver-galactic/vicon_receiver/install/vicon_receiver/share/vicon_receiver/msg/Position.msg
[1.356s] -- Up-to-date symlink: /home/andriy/dev_ws/src/vicon-receiver-galactic/vicon_receiver/install/vicon_receiver/lib/vicon_receiver/vicon_client
[1.358s] -- Up-to-date symlink: /home/andriy/dev_ws/src/vicon-receiver-galactic/vicon_receiver/install/vicon_receiver/share/vicon_receiver//launch/client.launch.py
[1.358s] -- Up-to-date symlink: /home/andriy/dev_ws/src/vicon-receiver-galactic/vicon_receiver/install/vicon_receiver/share/ament_index/resource_index/package_run_dependencies/vicon_receiver
[1.358s] -- Up-to-date symlink: /home/andriy/dev_ws/src/vicon-receiver-galactic/vicon_receiver/install/vicon_receiver/share/ament_index/resource_index/parent_prefix_path/vicon_receiver
[1.359s] -- Up-to-date symlink: /home/andriy/dev_ws/src/vicon-receiver-galactic/vicon_receiver/install/vicon_receiver/share/vicon_receiver/environment/ament_prefix_path.sh
[1.359s] -- Up-to-date symlink: /home/andriy/dev_ws/src/vicon-receiver-galactic/vicon_receiver/install/vicon_receiver/share/vicon_receiver/environment/ament_prefix_path.dsv
[1.359s] -- Up-to-date symlink: /home/andriy/dev_ws/src/vicon-receiver-galactic/vicon_receiver/install/vicon_receiver/share/vicon_receiver/environment/path.sh
[1.359s] -- Up-to-date symlink: /home/andriy/dev_ws/src/vicon-receiver-galactic/vicon_receiver/install/vicon_receiver/share/vicon_receiver/environment/path.dsv
[1.359s] -- Up-to-date symlink: /home/andriy/dev_ws/src/vicon-receiver-galactic/vicon_receiver/install/vicon_receiver/share/vicon_receiver/local_setup.bash
[1.359s] -- Up-to-date symlink: /home/andriy/dev_ws/src/vicon-receiver-galactic/vicon_receiver/install/vicon_receiver/share/vicon_receiver/local_setup.sh
[1.359s] -- Up-to-date symlink: /home/andriy/dev_ws/src/vicon-receiver-galactic/vicon_receiver/install/vicon_receiver/share/vicon_receiver/local_setup.zsh
[1.359s] -- Up-to-date symlink: /home/andriy/dev_ws/src/vicon-receiver-galactic/vicon_receiver/install/vicon_receiver/share/vicon_receiver/local_setup.dsv
[1.360s] -- Symlinking: /home/andriy/dev_ws/src/vicon-receiver-galactic/vicon_receiver/install/vicon_receiver/share/vicon_receiver/package.dsv
[1.368s] -- Up-to-date symlink: /home/andriy/dev_ws/src/vicon-receiver-galactic/vicon_receiver/install/vicon_receiver/share/ament_index/resource_index/packages/vicon_receiver
[1.368s] -- Up-to-date symlink: /home/andriy/dev_ws/src/vicon-receiver-galactic/vicon_receiver/install/vicon_receiver/share/vicon_receiver/cmake/rosidl_cmake-extras.cmake
[1.368s] -- Up-to-date symlink: /home/andriy/dev_ws/src/vicon-receiver-galactic/vicon_receiver/install/vicon_receiver/share/vicon_receiver/cmake/ament_cmake_export_dependencies-extras.cmake
[1.368s] -- Up-to-date symlink: /home/andriy/dev_ws/src/vicon-receiver-galactic/vicon_receiver/install/vicon_receiver/share/vicon_receiver/cmake/ament_cmake_export_include_directories-extras.cmake
[1.368s] -- Up-to-date symlink: /home/andriy/dev_ws/src/vicon-receiver-galactic/vicon_receiver/install/vicon_receiver/share/vicon_receiver/cmake/ament_cmake_export_libraries-extras.cmake
[1.368s] -- Up-to-date symlink: /home/andriy/dev_ws/src/vicon-receiver-galactic/vicon_receiver/install/vicon_receiver/share/vicon_receiver/cmake/ament_cmake_export_targets-extras.cmake
[1.368s] -- Up-to-date symlink: /home/andriy/dev_ws/src/vicon-receiver-galactic/vicon_receiver/install/vicon_receiver/share/vicon_receiver/cmake/rosidl_cmake_export_typesupport_targets-extras.cmake
[1.368s] -- Up-to-date symlink: /home/andriy/dev_ws/src/vicon-receiver-galactic/vicon_receiver/install/vicon_receiver/share/vicon_receiver/cmake/rosidl_cmake_export_typesupport_libraries-extras.cmake
[1.369s] -- Up-to-date symlink: /home/andriy/dev_ws/src/vicon-receiver-galactic/vicon_receiver/install/vicon_receiver/share/vicon_receiver/cmake/vicon_receiverConfig.cmake
[1.369s] -- Up-to-date symlink: /home/andriy/dev_ws/src/vicon-receiver-galactic/vicon_receiver/install/vicon_receiver/share/vicon_receiver/cmake/vicon_receiverConfig-version.cmake
[1.369s] -- Up-to-date symlink: /home/andriy/dev_ws/src/vicon-receiver-galactic/vicon_receiver/install/vicon_receiver/share/vicon_receiver/package.xml
[1.369s] -- Up-to-date: /home/andriy/dev_ws/src/vicon-receiver-galactic/vicon_receiver/install/vicon_receiver/lib/libvicon_receiver__rosidl_generator_c.so
[1.369s] -- Up-to-date: /home/andriy/dev_ws/src/vicon-receiver-galactic/vicon_receiver/install/vicon_receiver/lib/libvicon_receiver__rosidl_typesupport_fastrtps_c.so
[1.369s] -- Up-to-date: /home/andriy/dev_ws/src/vicon-receiver-galactic/vicon_receiver/install/vicon_receiver/lib/libvicon_receiver__rosidl_typesupport_introspection_c.so
[1.369s] -- Up-to-date: /home/andriy/dev_ws/src/vicon-receiver-galactic/vicon_receiver/install/vicon_receiver/lib/libvicon_receiver__rosidl_typesupport_c.so
[1.369s] -- Up-to-date: /home/andriy/dev_ws/src/vicon-receiver-galactic/vicon_receiver/install/vicon_receiver/lib/libvicon_receiver__rosidl_typesupport_fastrtps_cpp.so
[1.369s] -- Up-to-date: /home/andriy/dev_ws/src/vicon-receiver-galactic/vicon_receiver/install/vicon_receiver/lib/libvicon_receiver__rosidl_typesupport_introspection_cpp.so
[1.369s] -- Up-to-date: /home/andriy/dev_ws/src/vicon-receiver-galactic/vicon_receiver/install/vicon_receiver/lib/libvicon_receiver__rosidl_typesupport_cpp.so
[1.392s] Listing '/home/andriy/dev_ws/src/vicon-receiver-galactic/vicon_receiver/install/vicon_receiver/local/lib/python3.10/dist-packages/vicon_receiver'...
[1.392s] Compiling '/home/andriy/dev_ws/src/vicon-receiver-galactic/vicon_receiver/install/vicon_receiver/local/lib/python3.10/dist-packages/vicon_receiver/__init__.py'...
[1.392s] Listing '/home/andriy/dev_ws/src/vicon-receiver-galactic/vicon_receiver/install/vicon_receiver/local/lib/python3.10/dist-packages/vicon_receiver/msg'...
[1.395s] -- Up-to-date: /home/andriy/dev_ws/src/vicon-receiver-galactic/vicon_receiver/install/vicon_receiver/lib/libvicon_receiver__rosidl_generator_py.so
[1.396s] -- Up-to-date: /home/andriy/dev_ws/src/vicon-receiver-galactic/vicon_receiver/install/vicon_receiver/share/vicon_receiver/cmake/export_vicon_receiver__rosidl_generator_cExport.cmake
[1.396s] -- Up-to-date: /home/andriy/dev_ws/src/vicon-receiver-galactic/vicon_receiver/install/vicon_receiver/share/vicon_receiver/cmake/export_vicon_receiver__rosidl_generator_cExport-noconfig.cmake
[1.396s] -- Up-to-date: /home/andriy/dev_ws/src/vicon-receiver-galactic/vicon_receiver/install/vicon_receiver/share/vicon_receiver/cmake/export_vicon_receiver__rosidl_typesupport_fastrtps_cExport.cmake
[1.396s] -- Up-to-date: /home/andriy/dev_ws/src/vicon-receiver-galactic/vicon_receiver/install/vicon_receiver/share/vicon_receiver/cmake/export_vicon_receiver__rosidl_typesupport_fastrtps_cExport-noconfig.cmake
[1.396s] -- Up-to-date: /home/andriy/dev_ws/src/vicon-receiver-galactic/vicon_receiver/install/vicon_receiver/share/vicon_receiver/cmake/vicon_receiver__rosidl_typesupport_introspection_cExport.cmake
[1.396s] -- Up-to-date: /home/andriy/dev_ws/src/vicon-receiver-galactic/vicon_receiver/install/vicon_receiver/share/vicon_receiver/cmake/vicon_receiver__rosidl_typesupport_introspection_cExport-noconfig.cmake
[1.396s] -- Up-to-date: /home/andriy/dev_ws/src/vicon-receiver-galactic/vicon_receiver/install/vicon_receiver/share/vicon_receiver/cmake/vicon_receiver__rosidl_typesupport_cExport.cmake
[1.396s] -- Up-to-date: /home/andriy/dev_ws/src/vicon-receiver-galactic/vicon_receiver/install/vicon_receiver/share/vicon_receiver/cmake/vicon_receiver__rosidl_typesupport_cExport-noconfig.cmake
[1.396s] -- Up-to-date: /home/andriy/dev_ws/src/vicon-receiver-galactic/vicon_receiver/install/vicon_receiver/share/vicon_receiver/cmake/export_vicon_receiver__rosidl_generator_cppExport.cmake
[1.396s] -- Up-to-date: /home/andriy/dev_ws/src/vicon-receiver-galactic/vicon_receiver/install/vicon_receiver/share/vicon_receiver/cmake/export_vicon_receiver__rosidl_typesupport_fastrtps_cppExport.cmake
[1.396s] -- Up-to-date: /home/andriy/dev_ws/src/vicon-receiver-galactic/vicon_receiver/install/vicon_receiver/share/vicon_receiver/cmake/export_vicon_receiver__rosidl_typesupport_fastrtps_cppExport-noconfig.cmake
[1.397s] -- Up-to-date: /home/andriy/dev_ws/src/vicon-receiver-galactic/vicon_receiver/install/vicon_receiver/share/vicon_receiver/cmake/vicon_receiver__rosidl_typesupport_introspection_cppExport.cmake
[1.397s] -- Up-to-date: /home/andriy/dev_ws/src/vicon-receiver-galactic/vicon_receiver/install/vicon_receiver/share/vicon_receiver/cmake/vicon_receiver__rosidl_typesupport_introspection_cppExport-noconfig.cmake
[1.397s] -- Up-to-date: /home/andriy/dev_ws/src/vicon-receiver-galactic/vicon_receiver/install/vicon_receiver/share/vicon_receiver/cmake/vicon_receiver__rosidl_typesupport_cppExport.cmake
[1.397s] -- Up-to-date: /home/andriy/dev_ws/src/vicon-receiver-galactic/vicon_receiver/install/vicon_receiver/share/vicon_receiver/cmake/vicon_receiver__rosidl_typesupport_cppExport-noconfig.cmake
[1.397s] -- Up-to-date: /home/andriy/dev_ws/src/vicon-receiver-galactic/vicon_receiver/install/vicon_receiver/share/vicon_receiver/cmake/export_vicon_receiver__rosidl_generator_pyExport.cmake
[1.397s] -- Up-to-date: /home/andriy/dev_ws/src/vicon-receiver-galactic/vicon_receiver/install/vicon_receiver/share/vicon_receiver/cmake/export_vicon_receiver__rosidl_generator_pyExport-noconfig.cmake
[1.399s] Invoked command in '/home/andriy/dev_ws/src/vicon-receiver-galactic/vicon_receiver/build/vicon_receiver' returned '0': CMAKE_PREFIX_PATH=${CMAKE_PREFIX_PATH}:/home/andriy/dev_ws/install/olympe_bridge_nodes:/home/andriy/dev_ws/install/camera_calibration:/opt/ros/humble /usr/bin/cmake --install /home/andriy/dev_ws/src/vicon-receiver-galactic/vicon_receiver/build/vicon_receiver
