[0.009s] Invoking command in '/home/andriy/dev_ws/src/vicon-receiver-galactic/vicon_receiver/build/vicon_receiver': CMAKE_PREFIX_PATH=${CMAKE_PREFIX_PATH}:/home/andriy/dev_ws/install/olympe_bridge_nodes:/home/andriy/dev_ws/install/camera_calibration:/opt/ros/humble /usr/bin/cmake --build /home/andriy/dev_ws/src/vicon-receiver-galactic/vicon_receiver/build/vicon_receiver -- -j20 -l20
[0.027s] -- Found ament_cmake: 1.3.3 (/opt/ros/humble/share/ament_cmake/cmake)
[0.132s] -- Override CMake install command with custom implementation using symlinks instead of copying resources
[0.136s] -- Found rosidl_default_generators: 1.2.0 (/opt/ros/humble/share/rosidl_default_generators/cmake)
[0.138s] -- Using all available rosidl_typesupport_c: rosidl_typesupport_fastrtps_c;rosidl_typesupport_introspection_c
[0.140s] -- Found rosidl_adapter: 3.1.4 (/opt/ros/humble/share/rosidl_adapter/cmake)
[0.160s] -- Using all available rosidl_typesupport_cpp: rosidl_typesupport_fastrtps_cpp;rosidl_typesupport_introspection_cpp
[0.180s] -- Found rclcpp: 16.0.3 (/opt/ros/humble/share/rclcpp/cmake)
[0.229s] -- Found rmw_implementation_cmake: 6.1.1 (/opt/ros/humble/share/rmw_implementation_cmake/cmake)
[0.230s] -- Found rmw_fastrtps_cpp: 6.2.2 (/opt/ros/humble/share/rmw_fastrtps_cpp/cmake)
[0.309s] -- Using RMW implementation 'rmw_fastrtps_cpp' as default
[0.618s] -- Found ament_cmake_ros: 0.10.0 (/opt/ros/humble/share/ament_cmake_ros/cmake)
[0.772s] -- Using all available rosidl_typesupport_c: rosidl_typesupport_fastrtps_c;rosidl_typesupport_introspection_c
[0.980s] -- Using all available rosidl_typesupport_cpp: rosidl_typesupport_fastrtps_cpp;rosidl_typesupport_introspection_cpp
[0.997s] -- Found python_cmake_module: 0.10.0 (/opt/ros/humble/share/python_cmake_module/cmake)
[1.014s] -- Using PYTHON_EXECUTABLE: /usr/bin/python3
[1.014s] -- Using PYTHON_INCLUDE_DIRS: /usr/include/python3.10
[1.014s] -- Using PYTHON_LIBRARIES: /usr/lib/x86_64-linux-gnu/libpython3.10.so
[1.043s] -- Configuring done
[1.063s] -- Generating done
[1.065s] -- Build files have been written to: /home/andriy/dev_ws/src/vicon-receiver-galactic/vicon_receiver/build/vicon_receiver
[1.084s] [35m[1mConsolidate compiler generated dependencies of target vicon_receiver__rosidl_generator_c[0m
[1.090s] [  5%] Built target vicon_receiver__cpp
[1.090s] [  8%] [32mBuilding CXX object CMakeFiles/vicon_client.dir/src/vicon_receiver/publisher.cpp.o[0m
[1.090s] [  8%] [32mBuilding CXX object CMakeFiles/vicon_client.dir/src/vicon_receiver/communicator.cpp.o[0m
[1.091s] [ 11%] [32mBuilding C object CMakeFiles/vicon_receiver__rosidl_generator_c.dir/rosidl_generator_c/vicon_receiver/msg/detail/position__functions.c.o[0m
[1.095s] [ 11%] Built target ament_cmake_python_symlink_vicon_receiver
[1.105s] [35m[1mConsolidate compiler generated dependencies of target vicon_receiver__rosidl_typesupport_cpp[0m
[1.105s] [35m[1mConsolidate compiler generated dependencies of target vicon_receiver__rosidl_typesupport_fastrtps_cpp[0m
[1.105s] [35m[1mConsolidate compiler generated dependencies of target vicon_receiver__rosidl_typesupport_introspection_cpp[0m
[1.107s] [ 14%] [32mBuilding CXX object CMakeFiles/vicon_receiver__rosidl_typesupport_cpp.dir/rosidl_typesupport_cpp/vicon_receiver/msg/position__type_support.cpp.o[0m
[1.108s] [ 17%] [32mBuilding CXX object CMakeFiles/vicon_receiver__rosidl_typesupport_introspection_cpp.dir/rosidl_typesupport_introspection_cpp/vicon_receiver/msg/detail/position__type_support.cpp.o[0m
[1.109s] [ 20%] [32mBuilding CXX object CMakeFiles/vicon_receiver__rosidl_typesupport_fastrtps_cpp.dir/rosidl_typesupport_fastrtps_cpp/vicon_receiver/msg/detail/dds_fastrtps/position__type_support.cpp.o[0m
[1.131s] [ 23%] [32m[1mLinking C shared library libvicon_receiver__rosidl_generator_c.so[0m
[1.178s] [ 26%] Built target vicon_receiver__rosidl_generator_c
[1.193s] [35m[1mConsolidate compiler generated dependencies of target vicon_receiver__rosidl_typesupport_introspection_c[0m
[1.194s] [35m[1mConsolidate compiler generated dependencies of target vicon_receiver__rosidl_typesupport_c[0m
[1.194s] [35m[1mConsolidate compiler generated dependencies of target vicon_receiver__rosidl_typesupport_fastrtps_c[0m
[1.210s] [ 32%] [32mBuilding CXX object CMakeFiles/vicon_receiver__rosidl_typesupport_c.dir/rosidl_typesupport_c/vicon_receiver/msg/position__type_support.cpp.o[0m
[1.211s] [ 32%] [32mBuilding C object CMakeFiles/vicon_receiver__rosidl_typesupport_introspection_c.dir/rosidl_typesupport_introspection_c/vicon_receiver/msg/detail/position__type_support.c.o[0m
[1.212s] [ 35%] [32mBuilding CXX object CMakeFiles/vicon_receiver__rosidl_typesupport_fastrtps_c.dir/rosidl_typesupport_fastrtps_c/vicon_receiver/msg/detail/position__type_support_c.cpp.o[0m
[1.261s] [ 38%] [32m[1mLinking CXX shared library libvicon_receiver__rosidl_typesupport_c.so[0m
[1.269s] [ 41%] [32m[1mLinking C shared library libvicon_receiver__rosidl_typesupport_introspection_c.so[0m
[1.289s] In file included from [01m[K/home/andriy/dev_ws/src/vicon-receiver-galactic/vicon_receiver/src/vicon_receiver/publisher.cpp:1[m[K:
[1.289s] [01m[K/home/andriy/dev_ws/src/vicon-receiver-galactic/vicon_receiver/include/vicon_receiver/publisher.hpp:5:10:[m[K [01;31m[Kfatal error: [m[Kvicon_receiver/msg/position.hpp: No such file or directory
[1.289s]     5 | #include [01;31m[K"vicon_receiver/msg/position.hpp"[m[K
[1.289s]       |          [01;31m[K^~~~~~~~~~~~~~~~~~~~~~~~~~~~~~~~~[m[K
[1.289s] compilation terminated.
[1.292s] In file included from [01m[K/home/andriy/dev_ws/src/vicon-receiver-galactic/vicon_receiver/include/vicon_receiver/communicator.hpp:6[m[K,
[1.292s]                  from [01m[K/home/andriy/dev_ws/src/vicon-receiver-galactic/vicon_receiver/src/vicon_receiver/communicator.cpp:1[m[K:
[1.292s] [01m[K/home/andriy/dev_ws/src/vicon-receiver-galactic/vicon_receiver/include/vicon_receiver/publisher.hpp:5:10:[m[K [01;31m[Kfatal error: [m[Kvicon_receiver/msg/position.hpp: No such file or directory
[1.292s]     5 | #include [01;31m[K"vicon_receiver/msg/position.hpp"[m[K
[1.292s]       |          [01;31m[K^~~~~~~~~~~~~~~~~~~~~~~~~~~~~~~~~[m[K
[1.293s] compilation terminated.
[1.293s] gmake[2]: *** [CMakeFiles/vicon_client.dir/build.make:90: CMakeFiles/vicon_client.dir/src/vicon_receiver/publisher.cpp.o] Error 1
[1.293s] gmake[2]: *** Waiting for unfinished jobs....
[1.295s] gmake[2]: *** [CMakeFiles/vicon_client.dir/build.make:76: CMakeFiles/vicon_client.dir/src/vicon_receiver/communicator.cpp.o] Error 1
[1.296s] gmake[1]: *** [CMakeFiles/Makefile2:592: CMakeFiles/vicon_client.dir/all] Error 2
[1.296s] gmake[1]: *** Waiting for unfinished jobs....
[1.319s] [ 44%] Built target vicon_receiver__rosidl_typesupport_introspection_c
[1.325s] [ 47%] Built target vicon_receiver__rosidl_typesupport_c
[1.387s] [ 50%] [32m[1mLinking CXX shared library libvicon_receiver__rosidl_typesupport_cpp.so[0m
[1.423s] running egg_info
[1.424s] writing vicon_receiver.egg-info/PKG-INFO
[1.424s] writing dependency_links to vicon_receiver.egg-info/dependency_links.txt
[1.425s] writing top-level names to vicon_receiver.egg-info/top_level.txt
[1.427s] reading manifest file 'vicon_receiver.egg-info/SOURCES.txt'
[1.428s] writing manifest file 'vicon_receiver.egg-info/SOURCES.txt'
[1.437s] [ 52%] Built target vicon_receiver__rosidl_typesupport_cpp
[1.460s] [ 52%] Built target ament_cmake_python_build_vicon_receiver_egg
[1.522s] [ 55%] [32m[1mLinking CXX shared library libvicon_receiver__rosidl_typesupport_introspection_cpp.so[0m
[1.560s] [ 58%] [32m[1mLinking CXX shared library libvicon_receiver__rosidl_typesupport_fastrtps_cpp.so[0m
[1.576s] [ 61%] Built target vicon_receiver__rosidl_typesupport_introspection_cpp
[1.618s] [ 64%] [32m[1mLinking CXX shared library libvicon_receiver__rosidl_typesupport_fastrtps_c.so[0m
[1.621s] [ 67%] Built target vicon_receiver__rosidl_typesupport_fastrtps_cpp
[1.671s] [ 70%] Built target vicon_receiver__rosidl_typesupport_fastrtps_c
[1.672s] gmake: *** [Makefile:146: all] Error 2
[1.674s] Invoked command in '/home/andriy/dev_ws/src/vicon-receiver-galactic/vicon_receiver/build/vicon_receiver' returned '2': CMAKE_PREFIX_PATH=${CMAKE_PREFIX_PATH}:/home/andriy/dev_ws/install/olympe_bridge_nodes:/home/andriy/dev_ws/install/camera_calibration:/opt/ros/humble /usr/bin/cmake --build /home/andriy/dev_ws/src/vicon-receiver-galactic/vicon_receiver/build/vicon_receiver -- -j20 -l20
