[0.208s] DEBUG:colcon:Command line arguments: ['/usr/bin/colcon', 'build', '--symlink-install']
[0.208s] DEBUG:colcon:Parsed command line arguments: Namespace(log_base=None, log_level=None, verb_name='build', build_base='build', install_base='install', merge_install=False, symlink_install=True, test_result_base=None, continue_on_error=False, executor='parallel', parallel_workers=20, event_handlers=None, ignore_user_meta=False, metas=['./colcon.meta'], base_paths=['.'], packages_ignore=None, packages_ignore_regex=None, paths=None, packages_up_to=None, packages_up_to_regex=None, packages_above=None, packages_above_and_dependencies=None, packages_above_depth=None, packages_select_by_dep=None, packages_skip_by_dep=None, packages_skip_up_to=None, packages_select_build_failed=False, packages_skip_build_finished=False, packages_select_test_failures=False, packages_skip_test_passed=False, packages_select=None, packages_skip=None, packages_select_regex=None, packages_skip_regex=None, packages_start=None, packages_end=None, allow_overriding=[], cmake_args=None, cmake_target=None, cmake_target_skip_unavailable=False, cmake_clean_cache=False, cmake_clean_first=False, cmake_force_configure=False, ament_cmake_args=None, catkin_cmake_args=None, catkin_skip_building_tests=False, verb_parser=<colcon_defaults.argument_parser.defaults.DefaultArgumentsDecorator object at 0x7f4dbb2519f0>, verb_extension=<colcon_core.verb.build.BuildVerb object at 0x7f4dbb251480>, main=<bound method BuildVerb.main of <colcon_core.verb.build.BuildVerb object at 0x7f4dbb251480>>)
[0.225s] Level 1:colcon.colcon_core.package_discovery:discover_packages(colcon_meta) check parameters
[0.226s] Level 1:colcon.colcon_core.package_discovery:discover_packages(recursive) check parameters
[0.226s] Level 1:colcon.colcon_core.package_discovery:discover_packages(ignore) check parameters
[0.226s] Level 1:colcon.colcon_core.package_discovery:discover_packages(path) check parameters
[0.226s] Level 1:colcon.colcon_core.package_discovery:discover_packages(colcon_meta) discover
[0.226s] Level 1:colcon.colcon_core.package_discovery:discover_packages(recursive) discover
[0.226s] INFO:colcon.colcon_core.package_discovery:Crawling recursively for packages in '/home/andriy/dev_ws/src/vicon-receiver-galactic/vicon_receiver'
[0.226s] Level 1:colcon.colcon_core.package_identification:_identify(.) by extensions ['ignore', 'ignore_ament_install']
[0.226s] Level 1:colcon.colcon_core.package_identification:_identify(.) by extension 'ignore'
[0.226s] Level 1:colcon.colcon_core.package_identification:_identify(.) by extension 'ignore_ament_install'
[0.226s] Level 1:colcon.colcon_core.package_identification:_identify(.) by extensions ['colcon_pkg']
[0.226s] Level 1:colcon.colcon_core.package_identification:_identify(.) by extension 'colcon_pkg'
[0.226s] Level 1:colcon.colcon_core.package_identification:_identify(.) by extensions ['colcon_meta']
[0.226s] Level 1:colcon.colcon_core.package_identification:_identify(.) by extension 'colcon_meta'
[0.226s] Level 1:colcon.colcon_core.package_identification:_identify(.) by extensions ['ros']
[0.226s] Level 1:colcon.colcon_core.package_identification:_identify(.) by extension 'ros'
[0.241s] DEBUG:colcon.colcon_core.package_identification:Package '.' with type 'ros.ament_cmake' and name 'vicon_receiver'
[0.241s] Level 1:colcon.colcon_core.package_discovery:discover_packages(recursive) using defaults
[0.241s] Level 1:colcon.colcon_core.package_discovery:discover_packages(ignore) discover
[0.241s] Level 1:colcon.colcon_core.package_discovery:discover_packages(ignore) using defaults
[0.241s] Level 1:colcon.colcon_core.package_discovery:discover_packages(path) discover
[0.241s] Level 1:colcon.colcon_core.package_discovery:discover_packages(path) using defaults
[0.255s] Level 1:colcon.colcon_core.package_discovery:discover_packages(prefix_path) check parameters
[0.255s] Level 1:colcon.colcon_core.package_discovery:discover_packages(prefix_path) discover
[0.257s] DEBUG:colcon.colcon_installed_package_information.package_discovery:Found 1 installed packages in /home/andriy/dev_ws/src/vicon-receiver-galactic/vicon_receiver/install
[0.258s] DEBUG:colcon.colcon_installed_package_information.package_discovery:Found 15 installed packages in /home/andriy/dev_ws/install
[0.259s] DEBUG:colcon.colcon_installed_package_information.package_discovery:Found 281 installed packages in /opt/ros/humble
[0.260s] Level 1:colcon.colcon_core.package_discovery:discover_packages(prefix_path) using defaults
[0.294s] Level 5:colcon.colcon_core.verb:set package 'vicon_receiver' build argument 'cmake_args' from command line to 'None'
[0.294s] Level 5:colcon.colcon_core.verb:set package 'vicon_receiver' build argument 'cmake_target' from command line to 'None'
[0.295s] Level 5:colcon.colcon_core.verb:set package 'vicon_receiver' build argument 'cmake_target_skip_unavailable' from command line to 'False'
[0.295s] Level 5:colcon.colcon_core.verb:set package 'vicon_receiver' build argument 'cmake_clean_cache' from command line to 'False'
[0.295s] Level 5:colcon.colcon_core.verb:set package 'vicon_receiver' build argument 'cmake_clean_first' from command line to 'False'
[0.295s] Level 5:colcon.colcon_core.verb:set package 'vicon_receiver' build argument 'cmake_force_configure' from command line to 'False'
[0.295s] Level 5:colcon.colcon_core.verb:set package 'vicon_receiver' build argument 'ament_cmake_args' from command line to 'None'
[0.295s] Level 5:colcon.colcon_core.verb:set package 'vicon_receiver' build argument 'catkin_cmake_args' from command line to 'None'
[0.295s] Level 5:colcon.colcon_core.verb:set package 'vicon_receiver' build argument 'catkin_skip_building_tests' from command line to 'False'
[0.295s] DEBUG:colcon.colcon_core.verb:Building package 'vicon_receiver' with the following arguments: {'ament_cmake_args': None, 'build_base': '/home/andriy/dev_ws/src/vicon-receiver-galactic/vicon_receiver/build/vicon_receiver', 'catkin_cmake_args': None, 'catkin_skip_building_tests': False, 'cmake_args': None, 'cmake_clean_cache': False, 'cmake_clean_first': False, 'cmake_force_configure': False, 'cmake_target': None, 'cmake_target_skip_unavailable': False, 'install_base': '/home/andriy/dev_ws/src/vicon-receiver-galactic/vicon_receiver/install/vicon_receiver', 'merge_install': False, 'path': '/home/andriy/dev_ws/src/vicon-receiver-galactic/vicon_receiver', 'symlink_install': True, 'test_result_base': None}
[0.295s] INFO:colcon.colcon_core.executor:Executing jobs using 'parallel' executor
[0.297s] DEBUG:colcon.colcon_parallel_executor.executor.parallel:run_until_complete
[0.297s] INFO:colcon.colcon_ros.task.ament_cmake.build:Building ROS package in '/home/andriy/dev_ws/src/vicon-receiver-galactic/vicon_receiver' with build type 'ament_cmake'
[0.297s] INFO:colcon.colcon_cmake.task.cmake.build:Building CMake package in '/home/andriy/dev_ws/src/vicon-receiver-galactic/vicon_receiver'
[0.300s] INFO:colcon.colcon_core.plugin_system:Skipping extension 'colcon_core.shell.bat': Not used on non-Windows systems
[0.300s] INFO:colcon.colcon_core.shell:Skip shell extension 'powershell' for command environment: Not usable outside of PowerShell
[0.300s] DEBUG:colcon.colcon_core.shell:Skip shell extension 'dsv' for command environment
[0.308s] DEBUG:colcon.colcon_core.event_handler.log_command:Invoking command in '/home/andriy/dev_ws/src/vicon-receiver-galactic/vicon_receiver/build/vicon_receiver': CMAKE_PREFIX_PATH=${CMAKE_PREFIX_PATH}:/home/andriy/dev_ws/install/olympe_bridge_nodes:/home/andriy/dev_ws/install/camera_calibration:/opt/ros/humble /usr/bin/cmake --build /home/andriy/dev_ws/src/vicon-receiver-galactic/vicon_receiver/build/vicon_receiver -- -j20 -l20
[0.545s] DEBUG:colcon.colcon_core.event_handler.log_command:Invoked command in '/home/andriy/dev_ws/src/vicon-receiver-galactic/vicon_receiver/build/vicon_receiver' returned '0': CMAKE_PREFIX_PATH=${CMAKE_PREFIX_PATH}:/home/andriy/dev_ws/install/olympe_bridge_nodes:/home/andriy/dev_ws/install/camera_calibration:/opt/ros/humble /usr/bin/cmake --build /home/andriy/dev_ws/src/vicon-receiver-galactic/vicon_receiver/build/vicon_receiver -- -j20 -l20
[0.625s] DEBUG:colcon.colcon_core.event_handler.log_command:Invoking command in '/home/andriy/dev_ws/src/vicon-receiver-galactic/vicon_receiver/build/vicon_receiver': CMAKE_PREFIX_PATH=${CMAKE_PREFIX_PATH}:/home/andriy/dev_ws/install/olympe_bridge_nodes:/home/andriy/dev_ws/install/camera_calibration:/opt/ros/humble /usr/bin/cmake --install /home/andriy/dev_ws/src/vicon-receiver-galactic/vicon_receiver/build/vicon_receiver
[0.676s] Level 1:colcon.colcon_core.environment:create_environment_scripts_only(vicon_receiver)
[0.677s] DEBUG:colcon.colcon_core.event_handler.log_command:Invoked command in '/home/andriy/dev_ws/src/vicon-receiver-galactic/vicon_receiver/build/vicon_receiver' returned '0': CMAKE_PREFIX_PATH=${CMAKE_PREFIX_PATH}:/home/andriy/dev_ws/install/olympe_bridge_nodes:/home/andriy/dev_ws/install/camera_calibration:/opt/ros/humble /usr/bin/cmake --install /home/andriy/dev_ws/src/vicon-receiver-galactic/vicon_receiver/build/vicon_receiver
[0.679s] Level 1:colcon.colcon_core.environment:checking '/home/andriy/dev_ws/src/vicon-receiver-galactic/vicon_receiver/install/vicon_receiver' for CMake module files
[0.679s] Level 1:colcon.colcon_core.environment:checking '/home/andriy/dev_ws/src/vicon-receiver-galactic/vicon_receiver/install/vicon_receiver' for CMake config files
[0.679s] Level 1:colcon.colcon_core.shell:create_environment_hook('vicon_receiver', 'cmake_prefix_path')
[0.680s] INFO:colcon.colcon_core.shell:Creating environment hook '/home/andriy/dev_ws/src/vicon-receiver-galactic/vicon_receiver/install/vicon_receiver/share/vicon_receiver/hook/cmake_prefix_path.ps1'
[0.681s] INFO:colcon.colcon_core.shell:Creating environment descriptor '/home/andriy/dev_ws/src/vicon-receiver-galactic/vicon_receiver/install/vicon_receiver/share/vicon_receiver/hook/cmake_prefix_path.dsv'
[0.681s] INFO:colcon.colcon_core.shell:Creating environment hook '/home/andriy/dev_ws/src/vicon-receiver-galactic/vicon_receiver/install/vicon_receiver/share/vicon_receiver/hook/cmake_prefix_path.sh'
[0.681s] Level 1:colcon.colcon_core.environment:checking '/home/andriy/dev_ws/src/vicon-receiver-galactic/vicon_receiver/install/vicon_receiver/lib'
[0.682s] Level 1:colcon.colcon_core.shell:create_environment_hook('vicon_receiver', 'ld_library_path_lib')
[0.682s] INFO:colcon.colcon_core.shell:Creating environment hook '/home/andriy/dev_ws/src/vicon-receiver-galactic/vicon_receiver/install/vicon_receiver/share/vicon_receiver/hook/ld_library_path_lib.ps1'
[0.682s] INFO:colcon.colcon_core.shell:Creating environment descriptor '/home/andriy/dev_ws/src/vicon-receiver-galactic/vicon_receiver/install/vicon_receiver/share/vicon_receiver/hook/ld_library_path_lib.dsv'
[0.683s] INFO:colcon.colcon_core.shell:Creating environment hook '/home/andriy/dev_ws/src/vicon-receiver-galactic/vicon_receiver/install/vicon_receiver/share/vicon_receiver/hook/ld_library_path_lib.sh'
[0.683s] Level 1:colcon.colcon_core.environment:checking '/home/andriy/dev_ws/src/vicon-receiver-galactic/vicon_receiver/install/vicon_receiver/bin'
[0.683s] Level 1:colcon.colcon_core.environment:checking '/home/andriy/dev_ws/src/vicon-receiver-galactic/vicon_receiver/install/vicon_receiver/lib/pkgconfig/vicon_receiver.pc'
[0.683s] Level 1:colcon.colcon_core.environment:checking '/home/andriy/dev_ws/src/vicon-receiver-galactic/vicon_receiver/install/vicon_receiver/lib/python3.10/site-packages'
[0.683s] Level 1:colcon.colcon_core.environment:checking '/home/andriy/dev_ws/src/vicon-receiver-galactic/vicon_receiver/install/vicon_receiver/bin'
[0.685s] INFO:colcon.colcon_core.shell:Creating package script '/home/andriy/dev_ws/src/vicon-receiver-galactic/vicon_receiver/install/vicon_receiver/share/vicon_receiver/package.ps1'
[0.686s] INFO:colcon.colcon_core.shell:Creating package descriptor '/home/andriy/dev_ws/src/vicon-receiver-galactic/vicon_receiver/install/vicon_receiver/share/vicon_receiver/package.dsv'
[0.687s] INFO:colcon.colcon_core.shell:Creating package script '/home/andriy/dev_ws/src/vicon-receiver-galactic/vicon_receiver/install/vicon_receiver/share/vicon_receiver/package.sh'
[0.688s] INFO:colcon.colcon_core.shell:Creating package script '/home/andriy/dev_ws/src/vicon-receiver-galactic/vicon_receiver/install/vicon_receiver/share/vicon_receiver/package.bash'
[0.688s] INFO:colcon.colcon_core.shell:Creating package script '/home/andriy/dev_ws/src/vicon-receiver-galactic/vicon_receiver/install/vicon_receiver/share/vicon_receiver/package.zsh'
[0.689s] Level 1:colcon.colcon_core.environment:create_file_with_runtime_dependencies(/home/andriy/dev_ws/src/vicon-receiver-galactic/vicon_receiver/install/vicon_receiver/share/colcon-core/packages/vicon_receiver)
[0.771s] Level 1:colcon.colcon_core.environment:create_environment_scripts_only(vicon_receiver)
[0.774s] Level 1:colcon.colcon_core.environment:checking '/home/andriy/dev_ws/src/vicon-receiver-galactic/vicon_receiver/install/vicon_receiver' for CMake module files
[0.775s] Level 1:colcon.colcon_core.environment:checking '/home/andriy/dev_ws/src/vicon-receiver-galactic/vicon_receiver/install/vicon_receiver' for CMake config files
[0.776s] Level 1:colcon.colcon_core.shell:create_environment_hook('vicon_receiver', 'cmake_prefix_path')
[0.777s] INFO:colcon.colcon_core.shell:Creating environment hook '/home/andriy/dev_ws/src/vicon-receiver-galactic/vicon_receiver/install/vicon_receiver/share/vicon_receiver/hook/cmake_prefix_path.ps1'
[0.778s] INFO:colcon.colcon_core.shell:Creating environment descriptor '/home/andriy/dev_ws/src/vicon-receiver-galactic/vicon_receiver/install/vicon_receiver/share/vicon_receiver/hook/cmake_prefix_path.dsv'
[0.778s] INFO:colcon.colcon_core.shell:Creating environment hook '/home/andriy/dev_ws/src/vicon-receiver-galactic/vicon_receiver/install/vicon_receiver/share/vicon_receiver/hook/cmake_prefix_path.sh'
[0.779s] Level 1:colcon.colcon_core.environment:checking '/home/andriy/dev_ws/src/vicon-receiver-galactic/vicon_receiver/install/vicon_receiver/lib'
[0.779s] Level 1:colcon.colcon_core.shell:create_environment_hook('vicon_receiver', 'ld_library_path_lib')
[0.780s] INFO:colcon.colcon_core.shell:Creating environment hook '/home/andriy/dev_ws/src/vicon-receiver-galactic/vicon_receiver/install/vicon_receiver/share/vicon_receiver/hook/ld_library_path_lib.ps1'
[0.780s] INFO:colcon.colcon_core.shell:Creating environment descriptor '/home/andriy/dev_ws/src/vicon-receiver-galactic/vicon_receiver/install/vicon_receiver/share/vicon_receiver/hook/ld_library_path_lib.dsv'
[0.781s] INFO:colcon.colcon_core.shell:Creating environment hook '/home/andriy/dev_ws/src/vicon-receiver-galactic/vicon_receiver/install/vicon_receiver/share/vicon_receiver/hook/ld_library_path_lib.sh'
[0.781s] Level 1:colcon.colcon_core.environment:checking '/home/andriy/dev_ws/src/vicon-receiver-galactic/vicon_receiver/install/vicon_receiver/bin'
[0.781s] Level 1:colcon.colcon_core.environment:checking '/home/andriy/dev_ws/src/vicon-receiver-galactic/vicon_receiver/install/vicon_receiver/lib/pkgconfig/vicon_receiver.pc'
[0.781s] Level 1:colcon.colcon_core.environment:checking '/home/andriy/dev_ws/src/vicon-receiver-galactic/vicon_receiver/install/vicon_receiver/lib/python3.10/site-packages'
[0.781s] Level 1:colcon.colcon_core.environment:checking '/home/andriy/dev_ws/src/vicon-receiver-galactic/vicon_receiver/install/vicon_receiver/bin'
[0.782s] INFO:colcon.colcon_core.shell:Creating package script '/home/andriy/dev_ws/src/vicon-receiver-galactic/vicon_receiver/install/vicon_receiver/share/vicon_receiver/package.ps1'
[0.783s] INFO:colcon.colcon_core.shell:Creating package descriptor '/home/andriy/dev_ws/src/vicon-receiver-galactic/vicon_receiver/install/vicon_receiver/share/vicon_receiver/package.dsv'
[0.783s] INFO:colcon.colcon_core.shell:Creating package script '/home/andriy/dev_ws/src/vicon-receiver-galactic/vicon_receiver/install/vicon_receiver/share/vicon_receiver/package.sh'
[0.783s] INFO:colcon.colcon_core.shell:Creating package script '/home/andriy/dev_ws/src/vicon-receiver-galactic/vicon_receiver/install/vicon_receiver/share/vicon_receiver/package.bash'
[0.783s] INFO:colcon.colcon_core.shell:Creating package script '/home/andriy/dev_ws/src/vicon-receiver-galactic/vicon_receiver/install/vicon_receiver/share/vicon_receiver/package.zsh'
[0.784s] Level 1:colcon.colcon_core.environment:create_file_with_runtime_dependencies(/home/andriy/dev_ws/src/vicon-receiver-galactic/vicon_receiver/install/vicon_receiver/share/colcon-core/packages/vicon_receiver)
[0.784s] DEBUG:colcon.colcon_parallel_executor.executor.parallel:closing loop
[0.784s] DEBUG:colcon.colcon_parallel_executor.executor.parallel:loop closed
[0.784s] DEBUG:colcon.colcon_parallel_executor.executor.parallel:run_until_complete finished with '0'
[0.784s] DEBUG:colcon.colcon_core.event_reactor:joining thread
[0.789s] INFO:colcon.colcon_core.plugin_system:Skipping extension 'colcon_notification.desktop_notification.terminal_notifier': Not used on non-Darwin systems
[0.789s] INFO:colcon.colcon_core.plugin_system:Skipping extension 'colcon_notification.desktop_notification.win32': Not used on non-Windows systems
[0.789s] INFO:colcon.colcon_notification.desktop_notification:Sending desktop notification using 'notify2'
[0.804s] DEBUG:colcon.colcon_core.event_reactor:joined thread
[0.806s] INFO:colcon.colcon_core.shell:Creating prefix script '/home/andriy/dev_ws/src/vicon-receiver-galactic/vicon_receiver/install/local_setup.ps1'
[0.807s] INFO:colcon.colcon_core.shell:Creating prefix util module '/home/andriy/dev_ws/src/vicon-receiver-galactic/vicon_receiver/install/_local_setup_util_ps1.py'
[0.809s] INFO:colcon.colcon_core.shell:Creating prefix chain script '/home/andriy/dev_ws/src/vicon-receiver-galactic/vicon_receiver/install/setup.ps1'
[0.811s] INFO:colcon.colcon_core.shell:Creating prefix script '/home/andriy/dev_ws/src/vicon-receiver-galactic/vicon_receiver/install/local_setup.sh'
[0.811s] INFO:colcon.colcon_core.shell:Creating prefix util module '/home/andriy/dev_ws/src/vicon-receiver-galactic/vicon_receiver/install/_local_setup_util_sh.py'
[0.812s] INFO:colcon.colcon_core.shell:Creating prefix chain script '/home/andriy/dev_ws/src/vicon-receiver-galactic/vicon_receiver/install/setup.sh'
[0.814s] INFO:colcon.colcon_core.shell:Creating prefix script '/home/andriy/dev_ws/src/vicon-receiver-galactic/vicon_receiver/install/local_setup.bash'
[0.814s] INFO:colcon.colcon_core.shell:Creating prefix chain script '/home/andriy/dev_ws/src/vicon-receiver-galactic/vicon_receiver/install/setup.bash'
[0.815s] INFO:colcon.colcon_core.shell:Creating prefix script '/home/andriy/dev_ws/src/vicon-receiver-galactic/vicon_receiver/install/local_setup.zsh'
[0.816s] INFO:colcon.colcon_core.shell:Creating prefix chain script '/home/andriy/dev_ws/src/vicon-receiver-galactic/vicon_receiver/install/setup.zsh'
