[  2%] Built target vicon_receiver__cpp
[  5%] [32mBuilding CXX object CMakeFiles/vicon_client.dir/src/vicon_receiver/communicator.cpp.o[0m
[ 14%] Built target vicon_receiver__rosidl_generator_c
[ 17%] [32mBuilding CXX object CMakeFiles/vicon_client.dir/src/vicon_receiver/publisher.cpp.o[0m
[ 17%] Built target ament_cmake_python_symlink_vicon_receiver
[35m[1mConsolidate compiler generated dependencies of target vicon_receiver__rosidl_typesupport_cpp[0m
[35m[1mConsolidate compiler generated dependencies of target vicon_receiver__rosidl_typesupport_fastrtps_cpp[0m
[35m[1mConsolidate compiler generated dependencies of target vicon_receiver__rosidl_typesupport_introspection_cpp[0m
[35m[1mConsolidate compiler generated dependencies of target vicon_receiver__rosidl_typesupport_fastrtps_c[0m
[35m[1mConsolidate compiler generated dependencies of target vicon_receiver__rosidl_typesupport_c[0m
[35m[1mConsolidate compiler generated dependencies of target vicon_receiver__rosidl_typesupport_introspection_c[0m
[ 32%] Built target vicon_receiver__rosidl_typesupport_fastrtps_cpp
[ 35%] Built target vicon_receiver__rosidl_typesupport_introspection_cpp
[ 44%] Built target vicon_receiver__rosidl_typesupport_fastrtps_c
[ 55%] Built target vicon_receiver__rosidl_typesupport_c
[ 61%] Built target vicon_receiver__rosidl_typesupport_cpp
[ 70%] Built target vicon_receiver__rosidl_typesupport_introspection_c
[ 70%] Built target vicon_receiver
[ 73%] [34m[1mGenerating Python code for ROS interfaces[0m
In file included from [01m[K/home/andriy/dev_ws/src/vicon-receiver-galactic/vicon_receiver/include/vicon_receiver/communicator.hpp:6[m[K,
                 from [01m[K/home/andriy/dev_ws/src/vicon-receiver-galactic/vicon_receiver/src/vicon_receiver/communicator.cpp:1[m[K:
[01m[K/home/andriy/dev_ws/src/vicon-receiver-galactic/vicon_receiver/include/vicon_receiver/publisher.hpp:5:10:[m[K [01;31m[Kfatal error: [m[Kvicon_receiver/msg/position.hpp: No such file or directory
    5 | #include [01;31m[K"vicon_receiver/msg/position.hpp"[m[K
      |          [01;31m[K^~~~~~~~~~~~~~~~~~~~~~~~~~~~~~~~~[m[K
compilation terminated.
gmake[2]: *** [CMakeFiles/vicon_client.dir/build.make:76: CMakeFiles/vicon_client.dir/src/vicon_receiver/communicator.cpp.o] Error 1
gmake[2]: *** Waiting for unfinished jobs....
In file included from [01m[K/home/andriy/dev_ws/src/vicon-receiver-galactic/vicon_receiver/src/vicon_receiver/publisher.cpp:1[m[K:
[01m[K/home/andriy/dev_ws/src/vicon-receiver-galactic/vicon_receiver/include/vicon_receiver/publisher.hpp:5:10:[m[K [01;31m[Kfatal error: [m[Kvicon_receiver/msg/position.hpp: No such file or directory
    5 | #include [01;31m[K"vicon_receiver/msg/position.hpp"[m[K
      |          [01;31m[K^~~~~~~~~~~~~~~~~~~~~~~~~~~~~~~~~[m[K
compilation terminated.
gmake[2]: *** [CMakeFiles/vicon_client.dir/build.make:90: CMakeFiles/vicon_client.dir/src/vicon_receiver/publisher.cpp.o] Error 1
gmake[1]: *** [CMakeFiles/Makefile2:592: CMakeFiles/vicon_client.dir/all] Error 2
gmake[1]: *** Waiting for unfinished jobs....
running egg_info
writing vicon_receiver.egg-info/PKG-INFO
writing dependency_links to vicon_receiver.egg-info/dependency_links.txt
writing top-level names to vicon_receiver.egg-info/top_level.txt
reading manifest file 'vicon_receiver.egg-info/SOURCES.txt'
writing manifest file 'vicon_receiver.egg-info/SOURCES.txt'
[ 73%] Built target ament_cmake_python_build_vicon_receiver_egg
[ 73%] Built target vicon_receiver__py
gmake: *** [Makefile:146: all] Error 2
